#
# A fatal error has been detected by the Java Runtime Environment:
#
#  EXCEPTION_ACCESS_VIOLATION (0xc0000005) at pc=0x0000000002984aa1, pid=1740, tid=0x0000000000004f7c
#
# JRE version: Java(TM) SE Runtime Environment (8.0_111-b14) (build 1.8.0_111-b14)
# Java VM: Java HotSpot(TM) 64-Bit Server VM (25.111-b14 mixed mode windows-amd64 compressed oops)
# Problematic frame:
# j  org.apache.maven.model.merge.ModelMerger.mergeBuildBase_Resources(Lorg/apache/maven/model/BuildBase;Lorg/apache/maven/model/BuildBase;ZLjava/util/Map;)V+8
#
# Failed to write core dump. Minidumps are not enabled by default on client versions of Windows
#
# If you would like to submit a bug report, please visit:
#   http://bugreport.java.com/bugreport/crash.jsp
#

---------------  T H R E A D  ---------------

Current thread (0x0000000000efe000):  JavaThread "main" [_thread_in_Java, id=20348, stack(0x0000000002760000,0x0000000002860000)]

siginfo: ExceptionCode=0xc0000005, reading address 0x00000005c0017a28

Registers:
RAX=0x00000007c0015870, RBX=0x0000000000000008, RCX=0x000000071c10c240, RDX=0x00000005c0017908
RSP=0x000000000285da30, RBP=0x000000000285da80, RSI=0x0000000000000118, RDI=0x00000000000004f5
R8 =0x0000000000000001, R9 =0x00000000038e090a, R10=0x00000000530dc070, R11=0x0000000002e01f40
R12=0x0000000000000000, R13=0x0000000000000000, R14=0x000000000285dae0, R15=0x0000000000efe000
RIP=0x0000000002984aa1, EFLAGS=0x0000000000010246

Top of Stack: (sp=0x000000000285da30)
0x000000000285da30:   0000000002967b75 000000071c10c240
0x000000000285da40:   000000000285da40 000000002a3ffe00
0x000000000285da50:   000000000285dae0 000000002a6a2d68
0x000000000285da60:   0000000000000000 000000002a3fff60
0x000000000285da70:   0000000000000000 000000000285dac0
0x000000000285da80:   000000000285db28 000000000296835d
0x000000000285da90:   0000000000000000 0000000000000000
0x000000000285daa0:   0000000000000000 0000000000000000
0x000000000285dab0:   0000000000000000 000000071c10c240
0x000000000285dac0:   000000071c10cd20 0000000000000000
0x000000000285dad0:   000000071c09ec18 000000071c1180f8
0x000000000285dae0:   000000071b0c6700 000000000285dae8
0x000000000285daf0:   000000002a3ebd06 000000000285db58
0x000000000285db00:   000000002a6a7878 0000000000000000
0x000000000285db10:   000000002a3ebd58 000000000285dac0
0x000000000285db20:   000000000285db38 000000000285dba0 

Instructions: (pc=0x0000000002984aa1)
0x0000000002984a81:   49 83 5d 28 00 e9 0e 00 00 00 49 89 55 10 41 be
0x0000000002984a91:   01 00 00 00 4d 89 75 18 49 83 c5 30 4c 89 6d e0
0x0000000002984aa1:   44 8b aa 20 01 00 00 4e 8d ac ea b8 01 00 00 48
0x0000000002984ab1:   8d 14 da 49 8b 5d 00 48 3b c3 74 16 48 85 db 0f 


Register to memory mapping:

RAX=0x00000007c0015870 is pointing into metadata
RBX=0x0000000000000008 is an unknown value
RCX=0x000000071c10c240 is an oop

[error occurred during error reporting (printing register info), id 0xc0000005]

Stack: [0x0000000002760000,0x0000000002860000],  sp=0x000000000285da30,  free space=1014k
Native frames: (J=compiled Java code, j=interpreted, Vv=VM code, C=native code)
C  0x0000000002984aa1


---------------  P R O C E S S  ---------------

Java Threads: ( => current thread )
  0x000000002872d000 JavaThread "RMI TCP Accept-0" daemon [_thread_in_native, id=19236, stack(0x00000000290a0000,0x00000000291a0000)]
  0x00000000277ee800 JavaThread "Service Thread" daemon [_thread_blocked, id=12720, stack(0x0000000028350000,0x0000000028450000)]
  0x00000000277a3000 JavaThread "C1 CompilerThread3" daemon [_thread_blocked, id=20436, stack(0x0000000028250000,0x0000000028350000)]
  0x000000002777f000 JavaThread "C2 CompilerThread2" daemon [_thread_blocked, id=6832, stack(0x0000000028150000,0x0000000028250000)]
  0x0000000027773000 JavaThread "C2 CompilerThread1" daemon [_thread_blocked, id=21344, stack(0x0000000028050000,0x0000000028150000)]
  0x000000002776c800 JavaThread "C2 CompilerThread0" daemon [_thread_in_native, id=20616, stack(0x0000000027f50000,0x0000000028050000)]
  0x0000000027768000 JavaThread "Attach Listener" daemon [_thread_blocked, id=10372, stack(0x0000000027e50000,0x0000000027f50000)]
  0x0000000027767000 JavaThread "Signal Dispatcher" daemon [_thread_blocked, id=22068, stack(0x0000000027d50000,0x0000000027e50000)]
  0x0000000002959800 JavaThread "Finalizer" daemon [_thread_blocked, id=14340, stack(0x0000000027b40000,0x0000000027c40000)]
  0x0000000002958000 JavaThread "Reference Handler" daemon [_thread_blocked, id=21892, stack(0x0000000027640000,0x0000000027740000)]
=>0x0000000000efe000 JavaThread "main" [_thread_in_Java, id=20348, stack(0x0000000002760000,0x0000000002860000)]

Other Threads:
  0x000000002586a000 VMThread [stack: 0x0000000027540000,0x0000000027640000] [id=6360]
  0x00000000277f2800 WatcherThread [stack: 0x0000000028450000,0x0000000028550000] [id=3664]

VM state:not at safepoint (normal execution)

VM Mutex/Monitor currently owned by a thread: None

Heap:
 PSYoungGen      total 152576K, used 99634K [0x0000000716180000, 0x0000000720b80000, 0x00000007c0000000)
  eden space 131072K, 76% used [0x0000000716180000,0x000000071c2cc890,0x000000071e180000)
  from space 21504K, 0% used [0x000000071f680000,0x000000071f680000,0x0000000720b80000)
  to   space 21504K, 0% used [0x000000071e180000,0x000000071e180000,0x000000071f680000)
 ParOldGen       total 348160K, used 0K [0x00000005c2400000, 0x00000005d7800000, 0x0000000716180000)
  object space 348160K, 0% used [0x00000005c2400000,0x00000005c2400000,0x00000005d7800000)
 Metaspace       used 16909K, capacity 17120K, committed 17280K, reserved 1064960K
  class space    used 2087K, capacity 2170K, committed 2176K, reserved 1048576K

Card table byte_map: [0x0000000011d20000,0x0000000012d10000] byte_map_base: 0x000000000ef0e000

Marking Bits: (ParMarkBitMap*) 0x00000000530fa6c0
 Begin Bits: [0x0000000013fb0000, 0x000000001bf20000)
 End Bits:   [0x000000001bf20000, 0x0000000023e90000)

Polling page: 0x0000000000e80000

CodeCache: size=245760Kb used=6277Kb max_used=6290Kb free=239482Kb
 bounds [0x0000000002960000, 0x0000000002f90000, 0x0000000011960000]
 total_blobs=2230 nmethods=1850 adapters=292
 compilation: enabled

Compilation events (10 events):
Event: 2.393 Thread 0x00000000277a3000 nmethod 1834 0x0000000002f6e650 code [0x0000000002f6e7a0, 0x0000000002f6e8f0]
Event: 2.393 Thread 0x00000000277a3000 1838       1       org.apache.maven.model.building.DefaultModelBuildingRequest::getValidationLevel (5 bytes)
Event: 2.393 Thread 0x00000000277a3000 nmethod 1838 0x0000000002f6e950 code [0x0000000002f6eaa0, 0x0000000002f6ebb0]
Event: 2.393 Thread 0x00000000277a3000 1843       3       org.apache.maven.model.ModelBase::addProperty (11 bytes)
Event: 2.393 Thread 0x00000000277a3000 nmethod 1843 0x0000000002f6ec10 code [0x0000000002f6ede0, 0x0000000002f6f338]
Event: 2.394 Thread 0x00000000277a3000 1844       3       org.apache.maven.model.io.xpp3.MavenXpp3ReaderEx$Xpp3DomBuilderInputLocationBuilder::toInputLocation (27 bytes)
Event: 2.395 Thread 0x00000000277a3000 nmethod 1844 0x0000000002f6f590 code [0x0000000002f6f720, 0x0000000002f6fb30]
Event: 2.395 Thread 0x00000000277a3000 1847       3       org.codehaus.plexus.util.xml.Xpp3Dom::<init> (10 bytes)
Event: 2.395 Thread 0x00000000277a3000 nmethod 1847 0x0000000002f6fd10 code [0x0000000002f6fe80, 0x0000000002f70028]
Event: 2.395 Thread 0x00000000277a3000 1848       3       org.codehaus.plexus.util.xml.Xpp3Dom::<init> (139 bytes)

GC Heap History (0 events):
No events

Deoptimization events (10 events):
Event: 2.361 Thread 0x0000000000efe000 Uncommon trap: reason=unstable_if action=reinterpret pc=0x0000000002edfeb4 method=java.lang.reflect.AccessibleObject.setAccessible0(Ljava/lang/reflect/AccessibleObject;Z)V @ 4
Event: 2.362 Thread 0x0000000000efe000 Uncommon trap: reason=unstable_if action=reinterpret pc=0x0000000002c8dfa4 method=org.codehaus.plexus.util.xml.pull.MXParser.nextImpl()I @ 241
Event: 2.365 Thread 0x0000000000efe000 Uncommon trap: reason=unstable_if action=reinterpret pc=0x0000000002cca334 method=java.lang.String.startsWith(Ljava/lang/String;I)Z @ 25
Event: 2.366 Thread 0x0000000000efe000 Uncommon trap: reason=unstable_if action=reinterpret pc=0x0000000002aebff8 method=java.lang.String.startsWith(Ljava/lang/String;I)Z @ 25
Event: 2.367 Thread 0x0000000000efe000 Uncommon trap: reason=bimorphic action=maybe_recompile pc=0x0000000002f05ad0 method=org.apache.maven.model.interpolation.StringSearchModelInterpolator$InterpolateObjectAction$CacheField.interpolate(Ljava/lang/Object;Lorg/apache/maven/model/interpolation/S
Event: 2.367 Thread 0x0000000000efe000 Uncommon trap: reason=bimorphic action=maybe_recompile pc=0x0000000002f05ad0 method=org.apache.maven.model.interpolation.StringSearchModelInterpolator$InterpolateObjectAction$CacheField.interpolate(Ljava/lang/Object;Lorg/apache/maven/model/interpolation/S
Event: 2.367 Thread 0x0000000000efe000 Uncommon trap: reason=bimorphic action=maybe_recompile pc=0x0000000002f05ad0 method=org.apache.maven.model.interpolation.StringSearchModelInterpolator$InterpolateObjectAction$CacheField.interpolate(Ljava/lang/Object;Lorg/apache/maven/model/interpolation/S
Event: 2.367 Thread 0x0000000000efe000 Uncommon trap: reason=bimorphic action=maybe_recompile pc=0x0000000002f05ad0 method=org.apache.maven.model.interpolation.StringSearchModelInterpolator$InterpolateObjectAction$CacheField.interpolate(Ljava/lang/Object;Lorg/apache/maven/model/interpolation/S
Event: 2.381 Thread 0x0000000000efe000 Uncommon trap: reason=unstable_if action=reinterpret pc=0x0000000002c68f4c method=sun.nio.cs.UTF_8$Decoder.decodeArrayLoop(Ljava/nio/ByteBuffer;Ljava/nio/CharBuffer;)Ljava/nio/charset/CoderResult; @ 84
Event: 2.386 Thread 0x0000000000efe000 Uncommon trap: reason=unstable_if action=reinterpret pc=0x0000000002ebb4b4 method=java.lang.String.trim()Ljava/lang/String; @ 63

Internal exceptions (10 events):
Event: 1.693 Thread 0x0000000000efe000 Exception <a 'java/lang/ArrayIndexOutOfBoundsException'> (0x00000007188374a0) thrown at [C:\re\workspace\8-2-build-windows-amd64-cygwin\jdk8u111\7883\hotspot\src\share\vm\runtime\sharedRuntime.cpp, line 605]
Event: 1.732 Thread 0x0000000000efe000 Exception <a 'java/lang/ArrayIndexOutOfBoundsException'> (0x0000000718a91500) thrown at [C:\re\workspace\8-2-build-windows-amd64-cygwin\jdk8u111\7883\hotspot\src\share\vm\runtime\sharedRuntime.cpp, line 605]
Event: 1.740 Thread 0x0000000000efe000 Exception <a 'java/lang/ArrayIndexOutOfBoundsException'> (0x0000000718b352f8) thrown at [C:\re\workspace\8-2-build-windows-amd64-cygwin\jdk8u111\7883\hotspot\src\share\vm\runtime\sharedRuntime.cpp, line 605]
Event: 1.779 Thread 0x0000000000efe000 Exception <a 'java/lang/ArrayIndexOutOfBoundsException': 85> (0x000000071904c3a8) thrown at [C:\re\workspace\8-2-build-windows-amd64-cygwin\jdk8u111\7883\hotspot\src\share\vm\interpreter\interpreterRuntime.cpp, line 366]
Event: 1.779 Thread 0x0000000000efe000 Exception <a 'java/lang/ArrayIndexOutOfBoundsException': 40> (0x000000071904d228) thrown at [C:\re\workspace\8-2-build-windows-amd64-cygwin\jdk8u111\7883\hotspot\src\share\vm\interpreter\interpreterRuntime.cpp, line 366]
Event: 2.141 Thread 0x0000000000efe000 Exception <a 'java/lang/NoClassDefFoundError': com/google/inject/servlet/ServletModuleTargetVisitor> (0x000000071afb0b20) thrown at [C:\re\workspace\8-2-build-windows-amd64-cygwin\jdk8u111\7883\hotspot\src\share\vm\classfile\systemDictionary.cpp, line 199
Event: 2.141 Thread 0x0000000000efe000 Exception <a 'java/lang/NoClassDefFoundError'> (0x000000071afb0b20) thrown at [C:\re\workspace\8-2-build-windows-amd64-cygwin\jdk8u111\7883\hotspot\src\share\vm\prims\jvm.cpp, line 1390]
Event: 2.141 Thread 0x0000000000efe000 Exception <a 'java/lang/NoClassDefFoundError': javax/annotation/Priority> (0x000000071afb7ae0) thrown at [C:\re\workspace\8-2-build-windows-amd64-cygwin\jdk8u111\7883\hotspot\src\share\vm\classfile\systemDictionary.cpp, line 199]
Event: 2.256 Thread 0x0000000000efe000 Implicit null exception at 0x0000000002b93256 to 0x0000000002b93605
Event: 2.256 Thread 0x0000000000efe000 Implicit null exception at 0x0000000002b70a56 to 0x0000000002b70dfd

Events (10 events):
Event: 2.368 loading class org/apache/maven/model/Site
Event: 2.368 loading class org/apache/maven/model/Site done
Event: 2.377 loading class org/apache/maven/model/ActivationFile
Event: 2.377 loading class org/apache/maven/model/ActivationFile done
Event: 2.381 Thread 0x0000000000efe000 Uncommon trap: trap_request=0xffffff65 fr.pc=0x0000000002c68f4c
Event: 2.381 Thread 0x0000000000efe000 DEOPT PACKING pc=0x0000000002c68f4c sp=0x000000000285d520
Event: 2.381 Thread 0x0000000000efe000 DEOPT UNPACKING pc=0x00000000029a582a sp=0x000000000285d468 mode 2
Event: 2.386 Thread 0x0000000000efe000 Uncommon trap: trap_request=0xffffff65 fr.pc=0x0000000002ebb4b4
Event: 2.386 Thread 0x0000000000efe000 DEOPT PACKING pc=0x0000000002ebb4b4 sp=0x000000000285daa0
Event: 2.386 Thread 0x0000000000efe000 DEOPT UNPACKING pc=0x00000000029a582a sp=0x000000000285da60 mode 2


Dynamic libraries:
0x00007ff6a2830000 - 0x00007ff6a2867000 	C:\Program Files\Java\jdk1.8.0_111\bin\javaw.exe
0x00007ff9037f0000 - 0x00007ff9039e5000 	C:\WINDOWS\SYSTEM32\ntdll.dll
0x00007ff9036f0000 - 0x00007ff9037ad000 	C:\WINDOWS\System32\KERNEL32.DLL
0x00007ff900f90000 - 0x00007ff901259000 	C:\WINDOWS\System32\KERNELBASE.dll
0x00007ff9029e0000 - 0x00007ff902a8c000 	C:\WINDOWS\System32\ADVAPI32.dll
0x00007ff9025d0000 - 0x00007ff90266e000 	C:\WINDOWS\System32\msvcrt.dll
0x00007ff901df0000 - 0x00007ff901e8b000 	C:\WINDOWS\System32\sechost.dll
0x00007ff9028b0000 - 0x00007ff9029da000 	C:\WINDOWS\System32\RPCRT4.dll
0x00007ff902fa0000 - 0x00007ff903140000 	C:\WINDOWS\System32\USER32.dll
0x00007ff900f60000 - 0x00007ff900f82000 	C:\WINDOWS\System32\win32u.dll
0x00007ff901ae0000 - 0x00007ff901b0a000 	C:\WINDOWS\System32\GDI32.dll
0x00007ff9015a0000 - 0x00007ff9016ab000 	C:\WINDOWS\System32\gdi32full.dll
0x00007ff901760000 - 0x00007ff9017fd000 	C:\WINDOWS\System32\msvcp_win.dll
0x00007ff9013c0000 - 0x00007ff9014c0000 	C:\WINDOWS\System32\ucrtbase.dll
0x00007ff900350000 - 0x00007ff9005ea000 	C:\WINDOWS\WinSxS\amd64_microsoft.windows.common-controls_6595b64144ccf1df_6.0.19041.1110_none_60b5254171f9507e\COMCTL32.dll
0x00007ff901860000 - 0x00007ff901890000 	C:\WINDOWS\System32\IMM32.DLL
0x0000000053180000 - 0x0000000053252000 	C:\Program Files\Java\jdk1.8.0_111\jre\bin\msvcr100.dll
0x00000000528e0000 - 0x000000005317a000 	C:\Program Files\Java\jdk1.8.0_111\jre\bin\server\jvm.dll
0x00007ff9031c0000 - 0x00007ff9031c8000 	C:\WINDOWS\System32\PSAPI.DLL
0x00007ff8e7c10000 - 0x00007ff8e7c19000 	C:\WINDOWS\SYSTEM32\WSOCK32.dll
0x00007ff8e3140000 - 0x00007ff8e3167000 	C:\WINDOWS\SYSTEM32\WINMM.dll
0x00007ff8fab40000 - 0x00007ff8fab4a000 	C:\WINDOWS\SYSTEM32\VERSION.dll
0x00007ff902750000 - 0x00007ff9027bb000 	C:\WINDOWS\System32\WS2_32.dll
0x00000000528d0000 - 0x00000000528df000 	C:\Program Files\Java\jdk1.8.0_111\jre\bin\verify.dll
0x00000000528a0000 - 0x00000000528c9000 	C:\Program Files\Java\jdk1.8.0_111\jre\bin\java.dll
0x0000000052870000 - 0x0000000052886000 	C:\Program Files\Java\jdk1.8.0_111\jre\bin\zip.dll
0x00007ff901e90000 - 0x00007ff9025cf000 	C:\WINDOWS\System32\SHELL32.dll
0x00007ff8fe330000 - 0x00007ff8feac1000 	C:\WINDOWS\SYSTEM32\windows.storage.dll
0x00007ff902c40000 - 0x00007ff902f95000 	C:\WINDOWS\System32\combase.dll
0x00007ff9002b0000 - 0x00007ff9002dc000 	C:\WINDOWS\SYSTEM32\Wldp.dll
0x00007ff903640000 - 0x00007ff9036ee000 	C:\WINDOWS\System32\SHCORE.dll
0x00007ff901890000 - 0x00007ff9018e5000 	C:\WINDOWS\System32\shlwapi.dll
0x00007ff900e70000 - 0x00007ff900e8f000 	C:\WINDOWS\SYSTEM32\profapi.dll
0x00007ff900cc0000 - 0x00007ff900cd8000 	C:\WINDOWS\SYSTEM32\CRYPTSP.dll
0x00007ff8ff9d0000 - 0x00007ff8ffa04000 	C:\WINDOWS\system32\rsaenh.dll
0x00007ff900f30000 - 0x00007ff900f57000 	C:\WINDOWS\System32\bcrypt.dll
0x00007ff900e30000 - 0x00007ff900e5e000 	C:\WINDOWS\SYSTEM32\USERENV.dll
0x00000000526a0000 - 0x00000000526ba000 	C:\Program Files\Java\jdk1.8.0_111\jre\bin\net.dll
0x00007ff9014c0000 - 0x00007ff901543000 	C:\WINDOWS\System32\bcryptprimitives.dll
0x00007ff900180000 - 0x00007ff9001ea000 	C:\WINDOWS\system32\mswsock.dll
0x00007ff900270000 - 0x00007ff90027c000 	C:\WINDOWS\SYSTEM32\CRYPTBASE.dll
0x00007ff8ffd40000 - 0x00007ff8ffe0c000 	C:\WINDOWS\SYSTEM32\DNSAPI.dll
0x00007ff8ffd00000 - 0x00007ff8ffd3b000 	C:\WINDOWS\SYSTEM32\IPHLPAPI.DLL
0x00007ff901a10000 - 0x00007ff901a18000 	C:\WINDOWS\System32\NSI.dll
0x00007ff8eb0a0000 - 0x00007ff8eb0aa000 	C:\Windows\System32\rasadhlp.dll
0x00007ff8eaf60000 - 0x00007ff8eafdf000 	C:\WINDOWS\System32\fwpuclnt.dll
0x00007ff8f8370000 - 0x00007ff8f8387000 	C:\WINDOWS\SYSTEM32\dhcpcsvc6.DLL
0x00007ff8f7a60000 - 0x00007ff8f7a7d000 	C:\WINDOWS\SYSTEM32\dhcpcsvc.DLL
0x00000000526c0000 - 0x00000000526cd000 	C:\Program Files\Java\jdk1.8.0_111\jre\bin\management.dll
0x0000000052680000 - 0x0000000052691000 	C:\Program Files\Java\jdk1.8.0_111\jre\bin\nio.dll
0x00007ff8dd030000 - 0x00007ff8dd047000 	C:\WINDOWS\system32\napinsp.dll
0x00007ff8de410000 - 0x00007ff8de42b000 	C:\WINDOWS\system32\pnrpnsp.dll
0x00007ff8fa5f0000 - 0x00007ff8fa605000 	C:\WINDOWS\system32\wshbth.dll
0x00007ff8fb830000 - 0x00007ff8fb84d000 	C:\WINDOWS\system32\NLAapi.dll
0x00007ff8de3f0000 - 0x00007ff8de402000 	C:\WINDOWS\System32\winrnr.dll
0x00007ff8ff170000 - 0x00007ff8ff17a000 	C:\Users\Techurate\AppData\Local\Temp\jansi-1.17.1-8611442321158024518.dll
0x00007ff9008e0000 - 0x00007ff900ac4000 	C:\WINDOWS\SYSTEM32\dbghelp.dll

VM Arguments:
jvm_args: -Dmaven.home=EMBEDDED -Dclassworlds.conf=E:\WS_SampleRubrum\.metadata\.plugins\org.eclipse.m2e.launching\launches\m2conf6989673268735498007.tmp -Dmaven.multiModuleProjectDirectory=E:\WS_SampleRubrum\rubrum-apis -Djansi.force=true -Djansi.passthrough=true -Dfile.encoding=Cp1252 
java_command: org.codehaus.plexus.classworlds.launcher.Launcher -B clean -Dstyle.color=always
java_class_path (initial): E:\Softwares\sts-4.3.2.RELEASE\plugins\org.eclipse.m2e.maven.runtime_1.12.0.20190628-1133\jars\plexus-classworlds-2.6.0.jar
Launcher Type: SUN_STANDARD

Environment Variables:
JAVA_HOME=C:\Program Files\Java\jdk1.8.0_111
PATH=C:/Program Files/Java/jre1.8.0_111/bin/server;C:/Program Files/Java/jre1.8.0_111/bin;C:/Program Files/Java/jre1.8.0_111/lib/amd64;D:\app\Techurate\product\11.1.0\db_1\bin;C:\ProgramData\Oracle\Java\javapath;C:\Program Files (x86)\Intel\Intel(R) Management Engine Components\iCLS\;C:\Program Files\Intel\Intel(R) Management Engine Components\iCLS\;C:\WINDOWS\system32;C:\WINDOWS;C:\WINDOWS\System32\Wbem;C:\WINDOWS\System32\WindowsPowerShell\v1.0\;C:\WINDOWS\System32\OpenSSH\;C:\Program Files (x86)\Intel\Intel(R) Management Engine Components\DAL;C:\Program Files\Intel\Intel(R) Management Engine Components\DAL;C:\Program Files (x86)\Intel\Intel(R) Management Engine Components\IPT;C:\Program Files\Intel\Intel(R) Management Engine Components\IPT;C:\Program Files\Java\jdk1.8.0_111\bin;E:\Softwares\apache-maven-3.6.1\bin;C:\Program Files\Redis\;C:\Program Files\Git LFS;C:\Program Files\Intel\WiFi\bin\;C:\Program Files\Common Files\Intel\WirelessCommon\;C:\ProgramData\chocolatey\bin;C:\Program Files\nodejs\;C:\Program Files\Git\cmd;C:\Users\Techurate\AppData\Local\Microsoft\WindowsApps;;C:\Users\Techurate\AppData\Local\Programs\Microsoft VS Code\bin;C:\Users\Techurate\AppData\Roaming\npm;C:\Program Files (x86)\Sophos\Sophos SSL VPN Client\bin;E:\Softwares\sts-4.3.2.RELEASE;
USERNAME=Techurate
OS=Windows_NT
PROCESSOR_IDENTIFIER=Intel64 Family 6 Model 142 Stepping 10, GenuineIntel



---------------  S Y S T E M  ---------------

OS: Windows 10.0 , 64 bit Build 19041 (10.0.19041.1023)

CPU:total 8 (4 cores per cpu, 2 threads per core) family 6 model 142 stepping 10, cmov, cx8, fxsr, mmx, sse, sse2, sse3, ssse3, sse4.1, sse4.2, popcnt, avx, avx2, aes, clmul, erms, 3dnowpref, lzcnt, ht, tsc, tscinvbit, bmi1, bmi2, adx

Memory: 4k page, physical 33405928k(20742780k free), swap 38386664k(24122916k free)

vm_info: Java HotSpot(TM) 64-Bit Server VM (25.111-b14) for windows-amd64 JRE (1.8.0_111-b14), built on Sep 22 2016 19:24:05 by "java_re" with MS VC++ 10.0 (VS2010)

time: Mon May 02 19:19:55 2022
elapsed time: 2 seconds (0d 0h 0m 2s)

