#
# A fatal error has been detected by the Java Runtime Environment:
#
#  EXCEPTION_ACCESS_VIOLATION (0xc0000005) at pc=0x000000005b7c48a8, pid=17448, tid=0x0000000000003d10
#
# JRE version: Java(TM) SE Runtime Environment (8.0_111-b14) (build 1.8.0_111-b14)
# Java VM: Java HotSpot(TM) 64-Bit Server VM (25.111-b14 mixed mode windows-amd64 compressed oops)
# Problematic frame:
# V  [jvm.dll+0x1148a8]
#
# Failed to write core dump. Minidumps are not enabled by default on client versions of Windows
#
# If you would like to submit a bug report, please visit:
#   http://bugreport.java.com/bugreport/crash.jsp
#

---------------  T H R E A D  ---------------

Current thread (0x0000000002a8a000):  GCTaskThread [stack: 0x0000000013cb0000,0x0000000013db0000] [id=15632]

siginfo: ExceptionCode=0xc0000005, reading address 0xffffffffffffffff

Registers:
RAX=0x00000000141b0000, RBX=0x0000000531fcf358, RCX=0x0000000000000000, RDX=0x000000000000002b
RSP=0x0000000013daf990, RBP=0x000000074611bf08, RSI=0x000000002e386120, RDI=0x0000000025a45dd0
R8 =0x007fffffffb7de79, R9 =0x00000007c001c2e0, R10=0x000000000000000c, R11=0x000000005bcafec8
R12=0x000000074611bf14, R13=0x00000007c001c508, R14=0x00000007c001c510, R15=0x000000074611bef8
RIP=0x000000005b7c48a8, EFLAGS=0x0000000000010206

Top of Stack: (sp=0x0000000013daf990)
0x0000000013daf990:   00000007c001c2e0 0000000002a85fb0
0x0000000013daf9a0:   0000000002a8a4b0 0000000002a8a4a0
0x0000000013daf9b0:   0000000002a8a4b0 0000000002a8a4a0
0x0000000013daf9c0:   0000000002a85fb0 0000000000000003
0x0000000013daf9d0:   0000000025a45dd0 000000005baa49d7
0x0000000013daf9e0:   000000d4000007f1 0000000000000000
0x0000000013daf9f0:   000000002e386120 000000005bd02198
0x0000000013dafa00:   00000005c300dbf8 0000000000000200
0x0000000013dafa10:   000000002e386120 000000005baa1eee
0x0000000013dafa20:   0000000074ebe356 0000000002a8a000
0x0000000013dafa30:   0000000000000000 000000074611bef8
0x0000000013dafa40:   0000000002a8a000 0000000002a85c30
0x0000000013dafa50:   0000000002a8a890 0000000002a8a8a0
0x0000000013dafa60:   0000000002a8a978 00000000000000d8
0x0000000013dafa70:   0000000013dafa78 0000000002a8a000
0x0000000013dafa80:   0000000002a85c30 0000000002a8a890 

Instructions: (pc=0x000000005b7c48a8)
0x000000005b7c4888:   05 33 5e 70 00 49 c1 e8 03 49 d3 e8 41 0f b6 c0
0x000000005b7c4898:   49 c1 e8 06 24 3f 0f b6 d0 48 8b 05 48 5e 70 00
0x000000005b7c48a8:   4a 8b 0c c0 48 0f a3 d1 0f 82 59 01 00 00 0f b6
0x000000005b7c48b8:   15 a4 6a 6f 00 84 d2 74 16 44 8b 43 08 8b 0d dd 


Register to memory mapping:

RAX=0x00000000141b0000 is an unknown value
RBX=0x0000000531fcf358 is an unknown value
RCX=0x0000000000000000 is an unknown value
RDX=0x000000000000002b is an unknown value
RSP=0x0000000013daf990 is an unknown value
RBP=0x000000074611bf08 is an unknown value
RSI=0x000000002e386120 is an unknown value
RDI=0x0000000025a45dd0 is an unknown value
R8 =0x007fffffffb7de79 is an unknown value
R9 =0x00000007c001c2e0 is pointing into metadata
R10=0x000000000000000c is an unknown value
R11=0x000000005bcafec8 is an unknown value
R12=0x000000074611bf14 is an unknown value
R13=0x00000007c001c508 is pointing into metadata
R14=0x00000007c001c510 is pointing into metadata
R15=0x000000074611bef8 is an oop
java.util.HashMap$Node 
 - klass: 'java/util/HashMap$Node'


Stack: [0x0000000013cb0000,0x0000000013db0000],  sp=0x0000000013daf990,  free space=1022k
Native frames: (J=compiled Java code, j=interpreted, Vv=VM code, C=native code)
V  [jvm.dll+0x1148a8]
V  [jvm.dll+0x3f49d7]
V  [jvm.dll+0x3f1eee]
V  [jvm.dll+0x29c43a]
C  [msvcr100.dll+0x21d9f]
C  [msvcr100.dll+0x21e3b]
C  [KERNEL32.DLL+0x17034]
C  [ntdll.dll+0x52651]


---------------  P R O C E S S  ---------------

Java Threads: ( => current thread )
  0x00000000296c7800 JavaThread "HikariPool-1 connection adder" daemon [_thread_blocked, id=11008, stack(0x000000002f7e0000,0x000000002f8e0000)]
  0x00000000296c6800 JavaThread "HikariPool-1 housekeeper" daemon [_thread_blocked, id=19272, stack(0x000000002f6e0000,0x000000002f7e0000)]
  0x000000002ce86000 JavaThread "mysql-cj-abandoned-connection-cleanup" daemon [_thread_blocked, id=20780, stack(0x000000002dc10000,0x000000002dd10000)]
  0x000000002ce7c800 JavaThread "container-0" [_thread_blocked, id=24924, stack(0x000000002db10000,0x000000002dc10000)]
  0x000000002ce7b800 JavaThread "Catalina-utility-2" [_thread_blocked, id=4608, stack(0x000000002da10000,0x000000002db10000)]
  0x000000002ce9d800 JavaThread "Catalina-utility-1" [_thread_blocked, id=10372, stack(0x000000002b340000,0x000000002b440000)]
  0x00000000299ba000 JavaThread "restartedMain" [_thread_blocked, id=6984, stack(0x000000002ad40000,0x000000002ae40000)]
  0x000000002999d800 JavaThread "Thread-1" [_thread_blocked, id=15784, stack(0x000000002ac40000,0x000000002ad40000)]
  0x00000000296cb800 JavaThread "RMI TCP Accept-0" daemon [_thread_in_native, id=24992, stack(0x000000002a700000,0x000000002a800000)]
  0x00000000295cc000 JavaThread "RMI TCP Accept-63240" daemon [_thread_in_native, id=2652, stack(0x000000002a600000,0x000000002a700000)]
  0x00000000295db800 JavaThread "RMI TCP Accept-0" daemon [_thread_in_native, id=8484, stack(0x000000002a500000,0x000000002a600000)]
  0x0000000027ad8800 JavaThread "Service Thread" daemon [_thread_blocked, id=1992, stack(0x0000000028c30000,0x0000000028d30000)]
  0x0000000027a91000 JavaThread "C1 CompilerThread3" daemon [_thread_blocked, id=13792, stack(0x0000000028b30000,0x0000000028c30000)]
  0x0000000027a5b800 JavaThread "C2 CompilerThread2" daemon [_thread_blocked, id=21404, stack(0x0000000028a30000,0x0000000028b30000)]
  0x0000000027a59800 JavaThread "C2 CompilerThread1" daemon [_thread_blocked, id=19568, stack(0x0000000028930000,0x0000000028a30000)]
  0x0000000027a51000 JavaThread "C2 CompilerThread0" daemon [_thread_blocked, id=1648, stack(0x0000000028830000,0x0000000028930000)]
  0x0000000027a43000 JavaThread "JDWP Command Reader" daemon [_thread_in_native, id=16092, stack(0x0000000028730000,0x0000000028830000)]
  0x0000000027a40000 JavaThread "JDWP Event Helper Thread" daemon [_thread_blocked, id=24984, stack(0x0000000028630000,0x0000000028730000)]
  0x0000000027a34000 JavaThread "JDWP Transport Listener: dt_socket" daemon [_thread_blocked, id=14168, stack(0x0000000028530000,0x0000000028630000)]
  0x0000000027a27000 JavaThread "Attach Listener" daemon [_thread_blocked, id=18016, stack(0x00000000280f0000,0x00000000281f0000)]
  0x0000000027a26000 JavaThread "Signal Dispatcher" daemon [_thread_blocked, id=18160, stack(0x0000000027ff0000,0x00000000280f0000)]
  0x0000000027a10800 JavaThread "Finalizer" daemon [_thread_blocked, id=6496, stack(0x0000000027df0000,0x0000000027ef0000)]
  0x0000000025b12800 JavaThread "Reference Handler" daemon [_thread_blocked, id=1752, stack(0x00000000278f0000,0x00000000279f0000)]
  0x0000000002a6f000 JavaThread "main" [_thread_blocked, id=20828, stack(0x0000000002960000,0x0000000002a60000)]

Other Threads:
  0x0000000025b0a800 VMThread [stack: 0x00000000277f0000,0x00000000278f0000] [id=11132]
  0x00000000296d3000 WatcherThread [stack: 0x000000002a800000,0x000000002a900000] [id=6980]

=>0x0000000002a8a000 (exited) GCTaskThread [stack: 0x0000000013cb0000,0x0000000013db0000] [id=15632]

VM state:at safepoint (normal execution)

VM Mutex/Monitor currently owned by a thread:  ([mutex/lock_event])
[0x000000000295b8b0] Threads_lock - owner thread: 0x0000000025b0a800
[0x000000000295bfb0] Heap_lock - owner thread: 0x00000000299ba000

Heap:
 PSYoungGen      total 763392K, used 24552K [0x0000000716180000, 0x0000000746c00000, 0x00000007c0000000)
  eden space 738816K, 0% used [0x0000000716180000,0x0000000716180000,0x0000000743300000)
  from space 24576K, 99% used [0x0000000745000000,0x00000007467fa080,0x0000000746800000)
  to   space 29184K, 0% used [0x0000000743300000,0x0000000743300000,0x0000000744f80000)
 ParOldGen       total 207360K, used 29052K [0x00000005c2400000, 0x00000005cee80000, 0x0000000716180000)
  object space 207360K, 14% used [0x00000005c2400000,0x00000005c405f230,0x00000005cee80000)
 Metaspace       used 56242K, capacity 58920K, committed 59028K, reserved 1099776K
  class space    used 7768K, capacity 8327K, committed 8380K, reserved 1048576K

Card table byte_map: [0x0000000011f20000,0x0000000012f10000] byte_map_base: 0x000000000f10e000

Marking Bits: (ParMarkBitMap*) 0x000000005beca6c0
 Begin Bits: [0x00000000141b0000, 0x000000001c120000)
 End Bits:   [0x000000001c120000, 0x0000000024090000)

Polling page: 0x0000000002910000

CodeCache: size=245760Kb used=11519Kb max_used=11519Kb free=234240Kb
 bounds [0x0000000002b60000, 0x00000000036b0000, 0x0000000011b60000]
 total_blobs=6416 nmethods=5867 adapters=468
 compilation: enabled

Compilation events (10 events):
Event: 14.013 Thread 0x0000000027a91000 5899       1       org.jboss.logging.Logger::debug (14 bytes)
Event: 14.013 Thread 0x0000000027a91000 nmethod 5899 0x000000000369f110 code [0x000000000369f280, 0x000000000369f3e8]
Event: 14.013 Thread 0x0000000027a91000 5896       1       org.hibernate.type.EntityType::getLHSPropertyName (2 bytes)
Event: 14.013 Thread 0x0000000027a91000 nmethod 5896 0x000000000369f450 code [0x000000000369f5a0, 0x000000000369f6b0]
Event: 14.013 Thread 0x0000000027a91000 5897       1       org.hibernate.engine.FetchStrategy::getStyle (5 bytes)
Event: 14.013 Thread 0x0000000027a91000 nmethod 5897 0x000000000369f710 code [0x000000000369f860, 0x000000000369f970]
Event: 14.013 Thread 0x0000000027a91000 5900       1       org.hibernate.internal.SessionFactoryImpl::validateNotClosed (18 bytes)
Event: 14.014 Thread 0x0000000027a91000 nmethod 5900 0x000000000369f9d0 code [0x000000000369fb40, 0x000000000369fd08]
Event: 14.016 Thread 0x0000000027a91000 5901       1       org.hibernate.loader.DefaultEntityAliases::getUserProvidedAliases (25 bytes)
Event: 14.016 Thread 0x0000000027a91000 nmethod 5901 0x000000000369fdd0 code [0x000000000369ff40, 0x00000000036a00e8]

GC Heap History (10 events):
Event: 7.636 GC heap after
Heap after GC invocations=6 (full 1):
 PSYoungGen      total 271360K, used 16811K [0x0000000716180000, 0x0000000733600000, 0x00000007c0000000)
  eden space 249856K, 0% used [0x0000000716180000,0x0000000716180000,0x0000000725580000)
  from space 21504K, 78% used [0x0000000725580000,0x00000007265eae30,0x0000000726a80000)
  to   space 17920K, 0% used [0x0000000732480000,0x0000000732480000,0x0000000733600000)
 ParOldGen       total 153088K, used 9437K [0x00000005c2400000, 0x00000005cb980000, 0x0000000716180000)
  object space 153088K, 6% used [0x00000005c2400000,0x00000005c2d37490,0x00000005cb980000)
 Metaspace       used 29781K, capacity 31076K, committed 31232K, reserved 1077248K
  class space    used 4045K, capacity 4347K, committed 4352K, reserved 1048576K
}
Event: 8.540 GC heap before
{Heap before GC invocations=7 (full 1):
 PSYoungGen      total 271360K, used 152137K [0x0000000716180000, 0x0000000733600000, 0x00000007c0000000)
  eden space 249856K, 54% used [0x0000000716180000,0x000000071e5a78a0,0x0000000725580000)
  from space 21504K, 78% used [0x0000000725580000,0x00000007265eae30,0x0000000726a80000)
  to   space 17920K, 0% used [0x0000000732480000,0x0000000732480000,0x0000000733600000)
 ParOldGen       total 153088K, used 9437K [0x00000005c2400000, 0x00000005cb980000, 0x0000000716180000)
  object space 153088K, 6% used [0x00000005c2400000,0x00000005c2d37490,0x00000005cb980000)
 Metaspace       used 33856K, capacity 35386K, committed 35416K, reserved 1079296K
  class space    used 4640K, capacity 4988K, committed 4992K, reserved 1048576K
Event: 8.551 GC heap after
Heap after GC invocations=7 (full 1):
 PSYoungGen      total 460800K, used 15103K [0x0000000716180000, 0x0000000733d80000, 0x00000007c0000000)
  eden space 442880K, 0% used [0x0000000716180000,0x0000000716180000,0x0000000731200000)
  from space 17920K, 84% used [0x0000000732480000,0x000000073333fc08,0x0000000733600000)
  to   space 18944K, 0% used [0x0000000731200000,0x0000000731200000,0x0000000732480000)
 ParOldGen       total 153088K, used 9445K [0x00000005c2400000, 0x00000005cb980000, 0x0000000716180000)
  object space 153088K, 6% used [0x00000005c2400000,0x00000005c2d39490,0x00000005cb980000)
 Metaspace       used 33856K, capacity 35386K, committed 35416K, reserved 1079296K
  class space    used 4640K, capacity 4988K, committed 4992K, reserved 1048576K
}
Event: 8.551 GC heap before
{Heap before GC invocations=8 (full 2):
 PSYoungGen      total 460800K, used 15103K [0x0000000716180000, 0x0000000733d80000, 0x00000007c0000000)
  eden space 442880K, 0% used [0x0000000716180000,0x0000000716180000,0x0000000731200000)
  from space 17920K, 84% used [0x0000000732480000,0x000000073333fc08,0x0000000733600000)
  to   space 18944K, 0% used [0x0000000731200000,0x0000000731200000,0x0000000732480000)
 ParOldGen       total 153088K, used 9445K [0x00000005c2400000, 0x00000005cb980000, 0x0000000716180000)
  object space 153088K, 6% used [0x00000005c2400000,0x00000005c2d39490,0x00000005cb980000)
 Metaspace       used 33856K, capacity 35386K, committed 35416K, reserved 1079296K
  class space    used 4640K, capacity 4988K, committed 4992K, reserved 1048576K
Event: 8.612 GC heap after
Heap after GC invocations=8 (full 2):
 PSYoungGen      total 460800K, used 0K [0x0000000716180000, 0x0000000733d80000, 0x00000007c0000000)
  eden space 442880K, 0% used [0x0000000716180000,0x0000000716180000,0x0000000731200000)
  from space 17920K, 0% used [0x0000000732480000,0x0000000732480000,0x0000000733600000)
  to   space 18944K, 0% used [0x0000000731200000,0x0000000731200000,0x0000000732480000)
 ParOldGen       total 207360K, used 20633K [0x00000005c2400000, 0x00000005cee80000, 0x0000000716180000)
  object space 207360K, 9% used [0x00000005c2400000,0x00000005c3826570,0x00000005cee80000)
 Metaspace       used 33856K, capacity 35386K, committed 35416K, reserved 1079296K
  class space    used 4640K, capacity 4988K, committed 4992K, reserved 1048576K
}
Event: 12.597 GC heap before
{Heap before GC invocations=9 (full 2):
 PSYoungGen      total 460800K, used 442880K [0x0000000716180000, 0x0000000733d80000, 0x00000007c0000000)
  eden space 442880K, 100% used [0x0000000716180000,0x0000000731200000,0x0000000731200000)
  from space 17920K, 0% used [0x0000000732480000,0x0000000732480000,0x0000000733600000)
  to   space 18944K, 0% used [0x0000000731200000,0x0000000731200000,0x0000000732480000)
 ParOldGen       total 207360K, used 20633K [0x00000005c2400000, 0x00000005cee80000, 0x0000000716180000)
  object space 207360K, 9% used [0x00000005c2400000,0x00000005c3826570,0x00000005cee80000)
 Metaspace       used 46662K, capacity 49220K, committed 49496K, reserved 1091584K
  class space    used 6441K, capacity 6923K, committed 7040K, reserved 1048576K
Event: 12.615 GC heap after
Heap after GC invocations=9 (full 2):
 PSYoungGen      total 461824K, used 18939K [0x0000000716180000, 0x0000000746800000, 0x00000007c0000000)
  eden space 442880K, 0% used [0x0000000716180000,0x0000000716180000,0x0000000731200000)
  from space 18944K, 99% used [0x0000000731200000,0x000000073247efa0,0x0000000732480000)
  to   space 24576K, 0% used [0x0000000745000000,0x0000000745000000,0x0000000746800000)
 ParOldGen       total 207360K, used 26938K [0x00000005c2400000, 0x00000005cee80000, 0x0000000716180000)
  object space 207360K, 12% used [0x00000005c2400000,0x00000005c3e4ea60,0x00000005cee80000)
 Metaspace       used 46662K, capacity 49220K, committed 49496K, reserved 1091584K
  class space    used 6441K, capacity 6923K, committed 7040K, reserved 1048576K
}
Event: 14.020 GC heap before
{Heap before GC invocations=10 (full 2):
 PSYoungGen      total 461824K, used 197220K [0x0000000716180000, 0x0000000746800000, 0x00000007c0000000)
  eden space 442880K, 40% used [0x0000000716180000,0x0000000720f9a160,0x0000000731200000)
  from space 18944K, 99% used [0x0000000731200000,0x000000073247efa0,0x0000000732480000)
  to   space 24576K, 0% used [0x0000000745000000,0x0000000745000000,0x0000000746800000)
 ParOldGen       total 207360K, used 26938K [0x00000005c2400000, 0x00000005cee80000, 0x0000000716180000)
  object space 207360K, 12% used [0x00000005c2400000,0x00000005c3e4ea60,0x00000005cee80000)
 Metaspace       used 56242K, capacity 58920K, committed 59028K, reserved 1099776K
  class space    used 7768K, capacity 8327K, committed 8380K, reserved 1048576K
Event: 14.044 GC heap after
Heap after GC invocations=10 (full 2):
 PSYoungGen      total 763392K, used 24552K [0x0000000716180000, 0x0000000746c00000, 0x00000007c0000000)
  eden space 738816K, 0% used [0x0000000716180000,0x0000000716180000,0x0000000743300000)
  from space 24576K, 99% used [0x0000000745000000,0x00000007467fa080,0x0000000746800000)
  to   space 29184K, 0% used [0x0000000743300000,0x0000000743300000,0x0000000744f80000)
 ParOldGen       total 207360K, used 29052K [0x00000005c2400000, 0x00000005cee80000, 0x0000000716180000)
  object space 207360K, 14% used [0x00000005c2400000,0x00000005c405f230,0x00000005cee80000)
 Metaspace       used 56242K, capacity 58920K, committed 59028K, reserved 1099776K
  class space    used 7768K, capacity 8327K, committed 8380K, reserved 1048576K
}
Event: 14.044 GC heap before
{Heap before GC invocations=11 (full 3):
 PSYoungGen      total 763392K, used 24552K [0x0000000716180000, 0x0000000746c00000, 0x00000007c0000000)
  eden space 738816K, 0% used [0x0000000716180000,0x0000000716180000,0x0000000743300000)
  from space 24576K, 99% used [0x0000000745000000,0x00000007467fa080,0x0000000746800000)
  to   space 29184K, 0% used [0x0000000743300000,0x0000000743300000,0x0000000744f80000)
 ParOldGen       total 207360K, used 29052K [0x00000005c2400000, 0x00000005cee80000, 0x0000000716180000)
  object space 207360K, 14% used [0x00000005c2400000,0x00000005c405f230,0x00000005cee80000)
 Metaspace       used 56242K, capacity 58920K, committed 59028K, reserved 1099776K
  class space    used 7768K, capacity 8327K, committed 8380K, reserved 1048576K

Deoptimization events (0 events):
No events

Internal exceptions (10 events):
Event: 13.865 Thread 0x00000000299ba000 Exception <a 'java/lang/ArrayIndexOutOfBoundsException'> (0x000000071ff83a38) thrown at [C:\re\workspace\8-2-build-windows-amd64-cygwin\jdk8u111\7883\hotspot\src\share\vm\runtime\sharedRuntime.cpp, line 605]
Event: 13.867 Thread 0x00000000299ba000 Exception <a 'java/lang/ArrayIndexOutOfBoundsException'> (0x000000071ffe1468) thrown at [C:\re\workspace\8-2-build-windows-amd64-cygwin\jdk8u111\7883\hotspot\src\share\vm\runtime\sharedRuntime.cpp, line 605]
Event: 13.868 Thread 0x00000000299ba000 Exception <a 'java/lang/ArrayIndexOutOfBoundsException'> (0x000000071ffe2920) thrown at [C:\re\workspace\8-2-build-windows-amd64-cygwin\jdk8u111\7883\hotspot\src\share\vm\runtime\sharedRuntime.cpp, line 605]
Event: 13.875 Thread 0x00000000299ba000 Exception <a 'java/lang/ArrayIndexOutOfBoundsException'> (0x00000007200f02a8) thrown at [C:\re\workspace\8-2-build-windows-amd64-cygwin\jdk8u111\7883\hotspot\src\share\vm\runtime\sharedRuntime.cpp, line 605]
Event: 13.875 Thread 0x00000000299ba000 Exception <a 'java/lang/ArrayIndexOutOfBoundsException'> (0x00000007200f1b68) thrown at [C:\re\workspace\8-2-build-windows-amd64-cygwin\jdk8u111\7883\hotspot\src\share\vm\runtime\sharedRuntime.cpp, line 605]
Event: 13.878 Thread 0x00000000299ba000 Exception <a 'java/lang/ArrayIndexOutOfBoundsException'> (0x0000000720171ba8) thrown at [C:\re\workspace\8-2-build-windows-amd64-cygwin\jdk8u111\7883\hotspot\src\share\vm\runtime\sharedRuntime.cpp, line 605]
Event: 13.879 Thread 0x00000000299ba000 Exception <a 'java/lang/ArrayIndexOutOfBoundsException'> (0x0000000720173058) thrown at [C:\re\workspace\8-2-build-windows-amd64-cygwin\jdk8u111\7883\hotspot\src\share\vm\runtime\sharedRuntime.cpp, line 605]
Event: 13.879 Thread 0x00000000299ba000 Exception <a 'java/lang/ArrayIndexOutOfBoundsException'> (0x0000000720177e18) thrown at [C:\re\workspace\8-2-build-windows-amd64-cygwin\jdk8u111\7883\hotspot\src\share\vm\runtime\sharedRuntime.cpp, line 605]
Event: 13.879 Thread 0x00000000299ba000 Exception <a 'java/lang/ArrayIndexOutOfBoundsException'> (0x00000007201792c8) thrown at [C:\re\workspace\8-2-build-windows-amd64-cygwin\jdk8u111\7883\hotspot\src\share\vm\runtime\sharedRuntime.cpp, line 605]
Event: 13.920 Thread 0x00000000299ba000 Exception <a 'java/lang/NoSuchMethodError': java.lang.Object.lambda$static$0(Lorg/hibernate/loader/plan/spi/LoadPlan;Lorg/hibernate/loader/plan/exec/spi/AliasResolutionContext;Lorg/hibernate/loader/plan/exec/process/spi/ReaderCollector;ZZ)Lorg/hibernate/l

Events (10 events):
Event: 14.018 Thread 0x00000000299ba000 DEOPT UNPACKING pc=0x0000000002ba787f sp=0x000000002ae3c4a0 mode 1
Event: 14.019 loading class org/hibernate/loader/plan/exec/process/spi/CollectionReferenceInitializer
Event: 14.019 loading class org/hibernate/loader/plan/exec/process/spi/CollectionReferenceInitializer done
Event: 14.019 Thread 0x00000000299ba000 DEOPT PACKING pc=0x0000000002d418d1 sp=0x000000002ae39e90
Event: 14.019 Thread 0x00000000299ba000 DEOPT UNPACKING pc=0x0000000002ba787f sp=0x000000002ae39be0 mode 1
Event: 14.019 Thread 0x00000000299ba000 DEOPT PACKING pc=0x0000000002d35d84 sp=0x000000002ae39f10
Event: 14.019 Thread 0x00000000299ba000 DEOPT UNPACKING pc=0x0000000002ba787f sp=0x000000002ae39d30 mode 1
Event: 14.019 Thread 0x00000000299ba000 DEOPT PACKING pc=0x0000000002d35ccc sp=0x000000002ae3a0a0
Event: 14.019 Thread 0x00000000299ba000 DEOPT UNPACKING pc=0x0000000002ba787f sp=0x000000002ae39ec0 mode 1
Event: 14.020 Executing VM operation: CollectForMetadataAllocation


Dynamic libraries:
0x00007ff652350000 - 0x00007ff652387000 	C:\Program Files\Java\jdk1.8.0_111\bin\javaw.exe
0x00007ffbc7930000 - 0x00007ffbc7b25000 	C:\WINDOWS\SYSTEM32\ntdll.dll
0x00007ffbc6040000 - 0x00007ffbc60fd000 	C:\WINDOWS\System32\KERNEL32.DLL
0x00007ffbc5390000 - 0x00007ffbc5659000 	C:\WINDOWS\System32\KERNELBASE.dll
0x00007ffbc6e90000 - 0x00007ffbc6f3c000 	C:\WINDOWS\System32\ADVAPI32.dll
0x00007ffbc5aa0000 - 0x00007ffbc5b3e000 	C:\WINDOWS\System32\msvcrt.dll
0x00007ffbc6df0000 - 0x00007ffbc6e8b000 	C:\WINDOWS\System32\sechost.dll
0x00007ffbc77c0000 - 0x00007ffbc78ea000 	C:\WINDOWS\System32\RPCRT4.dll
0x00007ffbc7200000 - 0x00007ffbc73a0000 	C:\WINDOWS\System32\USER32.dll
0x00007ffbc51d0000 - 0x00007ffbc51f2000 	C:\WINDOWS\System32\win32u.dll
0x00007ffbc6cc0000 - 0x00007ffbc6cea000 	C:\WINDOWS\System32\GDI32.dll
0x00007ffbc50c0000 - 0x00007ffbc51cb000 	C:\WINDOWS\System32\gdi32full.dll
0x00007ffbc5900000 - 0x00007ffbc599d000 	C:\WINDOWS\System32\msvcp_win.dll
0x00007ffbc5200000 - 0x00007ffbc5300000 	C:\WINDOWS\System32\ucrtbase.dll
0x00007ffbc4460000 - 0x00007ffbc46fa000 	C:\WINDOWS\WinSxS\amd64_microsoft.windows.common-controls_6595b64144ccf1df_6.0.19041.1110_none_60b5254171f9507e\COMCTL32.dll
0x00007ffbc6010000 - 0x00007ffbc6040000 	C:\WINDOWS\System32\IMM32.DLL
0x000000005bfc0000 - 0x000000005c092000 	C:\Program Files\Java\jdk1.8.0_111\jre\bin\msvcr100.dll
0x000000005b6b0000 - 0x000000005bf4a000 	C:\Program Files\Java\jdk1.8.0_111\jre\bin\server\jvm.dll
0x00007ffbc5a30000 - 0x00007ffbc5a38000 	C:\WINDOWS\System32\PSAPI.DLL
0x00007ffbac900000 - 0x00007ffbac909000 	C:\WINDOWS\SYSTEM32\WSOCK32.dll
0x00007ffbc6cf0000 - 0x00007ffbc6d5b000 	C:\WINDOWS\System32\WS2_32.dll
0x00007ffba64c0000 - 0x00007ffba64e7000 	C:\WINDOWS\SYSTEM32\WINMM.dll
0x00007ffbc1c70000 - 0x00007ffbc1c7a000 	C:\WINDOWS\SYSTEM32\VERSION.dll
0x000000005bfb0000 - 0x000000005bfbf000 	C:\Program Files\Java\jdk1.8.0_111\jre\bin\verify.dll
0x000000005bf80000 - 0x000000005bfa9000 	C:\Program Files\Java\jdk1.8.0_111\jre\bin\java.dll
0x000000005b670000 - 0x000000005b6a5000 	C:\Program Files\Java\jdk1.8.0_111\jre\bin\jdwp.dll
0x000000005bf70000 - 0x000000005bf78000 	C:\Program Files\Java\jdk1.8.0_111\jre\bin\npt.dll
0x000000005b5c0000 - 0x000000005b5d6000 	C:\Program Files\Java\jdk1.8.0_111\jre\bin\zip.dll
0x00007ffbc6100000 - 0x00007ffbc683f000 	C:\WINDOWS\System32\SHELL32.dll
0x00007ffbc2af0000 - 0x00007ffbc3281000 	C:\WINDOWS\SYSTEM32\windows.storage.dll
0x00007ffbc73a0000 - 0x00007ffbc76f5000 	C:\WINDOWS\System32\combase.dll
0x00007ffbc43f0000 - 0x00007ffbc441c000 	C:\WINDOWS\SYSTEM32\Wldp.dll
0x00007ffbc6f60000 - 0x00007ffbc700e000 	C:\WINDOWS\System32\SHCORE.dll
0x00007ffbc5a40000 - 0x00007ffbc5a95000 	C:\WINDOWS\System32\shlwapi.dll
0x00007ffbc4fb0000 - 0x00007ffbc4fcf000 	C:\WINDOWS\SYSTEM32\profapi.dll
0x000000005bf60000 - 0x000000005bf69000 	C:\Program Files\Java\jdk1.8.0_111\jre\bin\dt_socket.dll
0x00007ffba5740000 - 0x00007ffba5757000 	C:\WINDOWS\system32\napinsp.dll
0x00007ffba5720000 - 0x00007ffba573b000 	C:\WINDOWS\system32\pnrpnsp.dll
0x00007ffbbff40000 - 0x00007ffbbff55000 	C:\WINDOWS\system32\wshbth.dll
0x00007ffbc0bb0000 - 0x00007ffbc0bcd000 	C:\WINDOWS\system32\NLAapi.dll
0x00007ffbc3e40000 - 0x00007ffbc3e7b000 	C:\WINDOWS\SYSTEM32\IPHLPAPI.DLL
0x00007ffbc4140000 - 0x00007ffbc41aa000 	C:\WINDOWS\System32\mswsock.dll
0x00007ffbc3e80000 - 0x00007ffbc3f4c000 	C:\WINDOWS\SYSTEM32\DNSAPI.dll
0x00007ffbc6840000 - 0x00007ffbc6848000 	C:\WINDOWS\System32\NSI.dll
0x00007ffba5700000 - 0x00007ffba5712000 	C:\WINDOWS\System32\winrnr.dll
0x00007ffbaf0b0000 - 0x00007ffbaf12f000 	C:\WINDOWS\System32\fwpuclnt.dll
0x00007ffbc5360000 - 0x00007ffbc5387000 	C:\WINDOWS\System32\bcrypt.dll
0x00007ffbaf840000 - 0x00007ffbaf84a000 	C:\Windows\System32\rasadhlp.dll
0x000000005b660000 - 0x000000005b66d000 	C:\Program Files\Java\jdk1.8.0_111\jre\bin\management.dll
0x000000005b5a0000 - 0x000000005b5ba000 	C:\Program Files\Java\jdk1.8.0_111\jre\bin\net.dll
0x000000005b580000 - 0x000000005b591000 	C:\Program Files\Java\jdk1.8.0_111\jre\bin\nio.dll
0x00007ffbc4e00000 - 0x00007ffbc4e18000 	C:\WINDOWS\SYSTEM32\CRYPTSP.dll
0x00007ffbc3b10000 - 0x00007ffbc3b44000 	C:\WINDOWS\system32\rsaenh.dll
0x00007ffbc4f70000 - 0x00007ffbc4f9e000 	C:\WINDOWS\SYSTEM32\USERENV.dll
0x00007ffbc5870000 - 0x00007ffbc58f3000 	C:\WINDOWS\System32\bcryptprimitives.dll
0x00007ffbc43e0000 - 0x00007ffbc43ec000 	C:\WINDOWS\SYSTEM32\CRYPTBASE.dll
0x00007ffbb99c0000 - 0x00007ffbb99d7000 	C:\WINDOWS\SYSTEM32\dhcpcsvc6.DLL
0x00007ffbbb070000 - 0x00007ffbbb08d000 	C:\WINDOWS\SYSTEM32\dhcpcsvc.DLL
0x000000005b550000 - 0x000000005b574000 	C:\Program Files\Java\jdk1.8.0_111\jre\bin\sunec.dll
0x000000005b540000 - 0x000000005b54b000 	C:\Program Files\Java\jdk1.8.0_111\jre\bin\sunmscapi.dll
0x00007ffbc5710000 - 0x00007ffbc586f000 	C:\WINDOWS\System32\CRYPT32.dll
0x00007ffbc4aa0000 - 0x00007ffbc4c84000 	C:\WINDOWS\SYSTEM32\dbghelp.dll

VM Arguments:
jvm_args: -agentlib:jdwp=transport=dt_socket,suspend=y,address=localhost:63243 -Dcom.sun.management.jmxremote -Dcom.sun.management.jmxremote.port=63240 -Dcom.sun.management.jmxremote.authenticate=false -Dcom.sun.management.jmxremote.ssl=false -Djava.rmi.server.hostname=localhost -Dspring.jmx.enabled=true -Dspring.application.admin.enabled=true -Xverify:none -XX:TieredStopAtLevel=1 -Dfile.encoding=UTF-8 
java_command: com.steel.product.application.RubrumServiceApplication --spring.output.ansi.enabled=always
java_class_path (initial): E:\WS_SampleRubrum\rubrum-apis\target\classes;C:\Users\Techurate\.m2\repository\org\springframework\cloud\spring-cloud-starter-netflix-eureka-client\2.2.1.RELEASE\spring-cloud-starter-netflix-eureka-client-2.2.1.RELEASE.jar;C:\Users\Techurate\.m2\repository\org\springframework\cloud\spring-cloud-starter\2.2.6.RELEASE\spring-cloud-starter-2.2.6.RELEASE.jar;C:\Users\Techurate\.m2\repository\org\springframework\cloud\spring-cloud-context\2.2.6.RELEASE\spring-cloud-context-2.2.6.RELEASE.jar;C:\Users\Techurate\.m2\repository\org\springframework\security\spring-security-crypto\5.3.6.RELEASE\spring-security-crypto-5.3.6.RELEASE.jar;C:\Users\Techurate\.m2\repository\org\springframework\cloud\spring-cloud-commons\2.2.6.RELEASE\spring-cloud-commons-2.2.6.RELEASE.jar;C:\Users\Techurate\.m2\repository\org\springframework\security\spring-security-rsa\1.0.9.RELEASE\spring-security-rsa-1.0.9.RELEASE.jar;C:\Users\Techurate\.m2\repository\org\bouncycastle\bcpkix-jdk15on\1.64\bcpkix-jdk15on-1.64.jar;C:\Users\Techurate\.m2\repository\org\bouncycastle\bcprov-jdk15on\1.64\bcprov-jdk15on-1.64.jar;C:\Users\Techurate\.m2\repository\org\springframework\cloud\spring-cloud-netflix-hystrix\2.2.6.RELEASE\spring-cloud-netflix-hystrix-2.2.6.RELEASE.jar;C:\Users\Techurate\.m2\repository\org\springframework\cloud\spring-cloud-netflix-eureka-client\2.2.6.RELEASE\spring-cloud-netflix-eureka-client-2.2.6.RELEASE.jar;C:\Users\Techurate\.m2\repository\com\netflix\eureka\eureka-client\1.10.7\eureka-client-1.10.7.jar;C:\Users\Techurate\.m2\repository\com\netflix\netflix-commons\netflix-eventbus\0.3.0\netflix-eventbus-0.3.0.jar;C:\Users\Techurate\.m2\repository\com\netflix\netflix-commons\netflix-infix\0.3.0\netflix-infix-0.3.0.jar;C:\Users\Techurate\.m2\repository\commons-jxpath\commons-jxpath\1.3\commons-jxpath-1.3.jar;C:\Users\Techurate\.m2\repository\org\antlr\antlr-runtime\3.4\antlr-runtime-3.4.jar;C:\Users\Techurate\.m2\repository\org\antlr\stringtemplate\3.2.1\stringtemp
Launcher Type: SUN_STANDARD

Environment Variables:
JAVA_HOME=C:\Program Files\Java\jdk1.8.0_111
PATH=C:\Program Files\Java\jdk1.8.0_111\jre\bin;C:/Program Files/Java/jre1.8.0_111/bin/server;C:/Program Files/Java/jre1.8.0_111/bin;C:/Program Files/Java/jre1.8.0_111/lib/amd64;D:\app\Techurate\product\11.1.0\db_1\bin;C:\ProgramData\Oracle\Java\javapath;C:\Program Files (x86)\Intel\Intel(R) Management Engine Components\iCLS\;C:\Program Files\Intel\Intel(R) Management Engine Components\iCLS\;C:\WINDOWS\system32;C:\WINDOWS;C:\WINDOWS\System32\Wbem;C:\WINDOWS\System32\WindowsPowerShell\v1.0\;C:\WINDOWS\System32\OpenSSH\;C:\Program Files (x86)\Intel\Intel(R) Management Engine Components\DAL;C:\Program Files\Intel\Intel(R) Management Engine Components\DAL;C:\Program Files (x86)\Intel\Intel(R) Management Engine Components\IPT;C:\Program Files\Intel\Intel(R) Management Engine Components\IPT;C:\Program Files\Java\jdk1.8.0_111\bin;E:\Softwares\apache-maven-3.6.1\bin;C:\Program Files\Redis\;C:\Program Files\Git LFS;C:\Program Files\Intel\WiFi\bin\;C:\Program Files\Common Files\Intel\WirelessCommon\;C:\ProgramData\chocolatey\bin;C:\Program Files\nodejs\;C:\Program Files\Git\cmd;C:\Users\Techurate\AppData\Local\Microsoft\WindowsApps;;C:\Users\Techurate\AppData\Local\Programs\Microsoft VS Code\bin;C:\Users\Techurate\AppData\Roaming\npm;C:\Program Files (x86)\Sophos\Sophos SSL VPN Client\bin;E:\Softwares\sts-4.3.2.RELEASE;
USERNAME=Techurate
OS=Windows_NT
PROCESSOR_IDENTIFIER=Intel64 Family 6 Model 142 Stepping 10, GenuineIntel



---------------  S Y S T E M  ---------------

OS: Windows 10.0 , 64 bit Build 19041 (10.0.19041.1023)

CPU:total 8 (4 cores per cpu, 2 threads per core) family 6 model 142 stepping 10, cmov, cx8, fxsr, mmx, sse, sse2, sse3, ssse3, sse4.1, sse4.2, popcnt, avx, avx2, aes, clmul, erms, 3dnowpref, lzcnt, ht, tsc, tscinvbit, bmi1, bmi2, adx

Memory: 4k page, physical 33405924k(15452624k free), swap 37505608k(15428616k free)

vm_info: Java HotSpot(TM) 64-Bit Server VM (25.111-b14) for windows-amd64 JRE (1.8.0_111-b14), built on Sep 22 2016 19:24:05 by "java_re" with MS VC++ 10.0 (VS2010)

time: Thu Aug 04 19:29:51 2022
elapsed time: 14 seconds (0d 0h 0m 14s)

