#
# A fatal error has been detected by the Java Runtime Environment:
#
#  EXCEPTION_ACCESS_VIOLATION (0xc0000005) at pc=0x000000005298f600, pid=14612, tid=0x0000000000004cdc
#
# JRE version: Java(TM) SE Runtime Environment (8.0_111-b14) (build 1.8.0_111-b14)
# Java VM: Java HotSpot(TM) 64-Bit Server VM (25.111-b14 mixed mode windows-amd64 compressed oops)
# Problematic frame:
# V  [jvm.dll+0xaf600]
#
# Failed to write core dump. Minidumps are not enabled by default on client versions of Windows
#
# If you would like to submit a bug report, please visit:
#   http://bugreport.java.com/bugreport/crash.jsp
#

---------------  T H R E A D  ---------------

Current thread (0x00000000022f0000):  GCTaskThread [stack: 0x0000000013720000,0x0000000013820000] [id=19676]

siginfo: ExceptionCode=0xc0000005, reading address 0x00000005c0281a90

Registers:
RAX=0x0000000000000001, RBX=0x0000000726575340, RCX=0x0000000726575340, RDX=0x00000005c0281a88
RSP=0x000000001381f2e8, RBP=0x000000001179f581, RSI=0x0000000025375900, RDI=0x00000005c42a3a10
R8 =0x0000000025375900, R9 =0x0000000000000009, R10=0x00000000e4baeb95, R11=0x00000005c6775908
R12=0x000000001179f501, R13=0x0000000000000025, R14=0x0000000000000000, R15=0x00000000022e24e0
RIP=0x000000005298f600, EFLAGS=0x0000000000010206

Top of Stack: (sp=0x000000001381f2e8)
0x000000001381f2e8:   0000000052cdfd52 0000000726575320
0x000000001381f2f8:   0000000000000004 0000000025375900
0x000000001381f308:   0000000727c105cc 000000072f772700
0x000000001381f318:   0000000052ce049b 00000005c6773fe8
0x000000001381f328:   0000000000000400 0000000000000000
0x000000001381f338:   0000000025375900 000000001179f501
0x000000001381f348:   0000000052ce00c0 00000005c67759bc
0x000000001381f358:   000000001179f581 0000000025375900
0x000000001381f368:   00000005c42a3a10 00000005c67759bc
0x000000001381f378:   0000000052ce0c65 0000000725f6ce00
0x000000001381f388:   000000001179f581 0000000025375900
0x000000001381f398:   0000000000000003 0000000025375900
0x000000001381f3a8:   00000000529cbeea 00000005c28a5abc
0x000000001381f3b8:   00000000529f4d50 0000000025375900
0x000000001381f3c8:   00000000529f2e73 00000005c42a1979
0x000000001381f3d8:   00000005c42a1979 00000005c42a39f0 

Instructions: (pc=0x000000005298f600)
0x000000005298f5e0:   2c bb 1d 00 48 8b 9c 24 d0 00 00 00 48 81 c4 c0
0x000000005298f5f0:   00 00 00 5d c3 cc cc cc cc cc cc cc cc cc cc cc
0x000000005298f600:   44 8b 42 08 4c 8b ca 45 85 c0 7e 0e 41 f6 c0 01
0x000000005298f610:   75 57 41 c1 f8 03 41 8b c0 c3 79 4d 80 3d 3e bd 


Register to memory mapping:

RAX=0x0000000000000001 is an unknown value
RBX=0x0000000726575340 is an oop

[error occurred during error reporting (printing register info), id 0xc0000005]

Stack: [0x0000000013720000,0x0000000013820000],  sp=0x000000001381f2e8,  free space=1020k
Native frames: (J=compiled Java code, j=interpreted, Vv=VM code, C=native code)
V  [jvm.dll+0xaf600]


---------------  P R O C E S S  ---------------

Java Threads: ( => current thread )
  0x000000002c0a2800 JavaThread "resolver-5" daemon [_thread_blocked, id=8988, stack(0x0000000031c40000,0x0000000031d40000)]
  0x000000002f379000 JavaThread "resolver-4" daemon [_thread_blocked, id=10300, stack(0x00000000316f0000,0x00000000317f0000)]
  0x0000000029309800 JavaThread "resolver-3" daemon [_thread_blocked, id=3064, stack(0x000000002e5a0000,0x000000002e6a0000)]
  0x000000002c575000 JavaThread "resolver-2" daemon [_thread_blocked, id=20828, stack(0x000000002e4a0000,0x000000002e5a0000)]
  0x000000002b87d000 JavaThread "JMX server connection timeout 17" daemon [_thread_blocked, id=19132, stack(0x000000002ce90000,0x000000002cf90000)]
  0x000000002af62000 JavaThread "RMI Scheduler(0)" daemon [_thread_blocked, id=4884, stack(0x000000002c6f0000,0x000000002c7f0000)]
  0x000000002a3be000 JavaThread "RMI TCP Connection(1)-10.14.14.4" daemon [_thread_in_native, id=10956, stack(0x000000002b5a0000,0x000000002b6a0000)]
  0x000000002a899800 JavaThread "resolver-1" daemon [_thread_blocked, id=7756, stack(0x000000002b340000,0x000000002b440000)]
  0x000000002a429800 JavaThread "RMI TCP Accept-0" daemon [_thread_in_native, id=18176, stack(0x000000002b4a0000,0x000000002b5a0000)]
  0x000000002732b000 JavaThread "Service Thread" daemon [_thread_blocked, id=10228, stack(0x0000000027e60000,0x0000000027f60000)]
  0x00000000272b8800 JavaThread "C1 CompilerThread3" daemon [_thread_blocked, id=4888, stack(0x0000000027d60000,0x0000000027e60000)]
  0x000000002729c800 JavaThread "C2 CompilerThread2" daemon [_thread_blocked, id=880, stack(0x0000000027c60000,0x0000000027d60000)]
  0x0000000027291800 JavaThread "C2 CompilerThread1" daemon [_thread_blocked, id=1912, stack(0x0000000027b60000,0x0000000027c60000)]
  0x000000002728b000 JavaThread "C2 CompilerThread0" daemon [_thread_in_native, id=19060, stack(0x0000000027a60000,0x0000000027b60000)]
  0x0000000027288800 JavaThread "Attach Listener" daemon [_thread_blocked, id=21696, stack(0x0000000027960000,0x0000000027a60000)]
  0x00000000023ce800 JavaThread "Signal Dispatcher" daemon [_thread_blocked, id=20316, stack(0x0000000027860000,0x0000000027960000)]
  0x00000000023c9000 JavaThread "Finalizer" daemon [_thread_blocked, id=21708, stack(0x0000000027660000,0x0000000027760000)]
  0x00000000023c8000 JavaThread "Reference Handler" daemon [_thread_blocked, id=14116, stack(0x0000000027160000,0x0000000027260000)]
  0x00000000022ce000 JavaThread "main" [_thread_blocked, id=13092, stack(0x0000000002180000,0x0000000002280000)]

Other Threads:
  0x0000000025379800 VMThread [stack: 0x0000000027060000,0x0000000027160000] [id=9520]
  0x000000002730a000 WatcherThread [stack: 0x0000000027f60000,0x0000000028060000] [id=13936]

=>0x00000000022f0000 (exited) GCTaskThread [stack: 0x0000000013720000,0x0000000013820000] [id=19676]

VM state:at safepoint (normal execution)

VM Mutex/Monitor currently owned by a thread:  ([mutex/lock_event])
[0x00000000022cd0b0] Threads_lock - owner thread: 0x0000000025379800
[0x00000000022cd9b0] Heap_lock - owner thread: 0x00000000272b8800
[0x00000000022d16d0] MethodData_lock - owner thread: 0x00000000272b8800

Heap:
 PSYoungGen      total 293376K, used 101963K [0x0000000716180000, 0x0000000731f80000, 0x00000007c0000000)
  eden space 253440K, 24% used [0x0000000716180000,0x0000000719e17288,0x0000000725900000)
  from space 39936K, 99% used [0x0000000725900000,0x0000000727ffbbb0,0x0000000728000000)
  to   space 49152K, 49% used [0x000000072ef80000,0x000000073072c788,0x0000000731f80000)
 ParOldGen       total 241152K, used 71642K [0x00000005c2400000, 0x00000005d0f80000, 0x0000000716180000)
  object space 241152K, 29% used [0x00000005c2400000,0x00000005c69f6b60,0x00000005d0f80000)
 Metaspace       used 34298K, capacity 35316K, committed 35496K, reserved 1081344K
  class space    used 3910K, capacity 4265K, committed 4352K, reserved 1048576K

Card table byte_map: [0x0000000011790000,0x0000000012780000] byte_map_base: 0x000000000e97e000

Marking Bits: (ParMarkBitMap*) 0x00000000530fa6c0
 Begin Bits: [0x0000000013a20000, 0x000000001b990000)
 End Bits:   [0x000000001b990000, 0x0000000023900000)

Polling page: 0x0000000000920000

CodeCache: size=245760Kb used=25060Kb max_used=26463Kb free=220699Kb
 bounds [0x00000000023d0000, 0x0000000003dd0000, 0x00000000113d0000]
 total_blobs=6921 nmethods=6441 adapters=390
 compilation: enabled

Compilation events (10 events):
Event: 17.552 Thread 0x00000000272b8800 nmethod 8149 0x0000000002904f50 code [0x0000000002905160, 0x0000000002905ee8]
Event: 17.560 Thread 0x00000000272b8800 8150       1       org.codehaus.plexus.util.DirectoryScanner::isSelected (2 bytes)
Event: 17.560 Thread 0x00000000272b8800 nmethod 8150 0x00000000039cfe90 code [0x00000000039cffe0, 0x00000000039d00f0]
Event: 17.561 Thread 0x00000000272b8800 8151       3       sun.nio.fs.WindowsPath::isAbsolute (26 bytes)
Event: 17.562 Thread 0x00000000272b8800 nmethod 8151 0x0000000002774310 code [0x0000000002774480, 0x0000000002774690]
Event: 17.562 Thread 0x00000000272b8800 8152   !   3       sun.nio.fs.WindowsPath::getPathForWin32Calls (138 bytes)
Event: 17.564 Thread 0x00000000272b8800 nmethod 8152 0x0000000002667bd0 code [0x0000000002667e40, 0x0000000002668fa8]
Event: 17.564 Thread 0x00000000272b8800 8155       3       sun.nio.fs.WindowsPath::toWindowsPath (32 bytes)
Event: 17.564 Thread 0x00000000272b8800 nmethod 8155 0x000000000309ba10 code [0x000000000309bba0, 0x000000000309c058]
Event: 17.564 Thread 0x00000000272b8800 8158   !   3       java.io.File::toPath (54 bytes)

GC Heap History (10 events):
Event: 4.952 GC heap after
Heap after GC invocations=4 (full 1):
 PSYoungGen      total 152576K, used 0K [0x0000000716180000, 0x0000000728b80000, 0x00000007c0000000)
  eden space 131072K, 0% used [0x0000000716180000,0x0000000716180000,0x000000071e180000)
  from space 21504K, 0% used [0x000000071e180000,0x000000071e180000,0x000000071f680000)
  to   space 21504K, 0% used [0x0000000727680000,0x0000000727680000,0x0000000728b80000)
 ParOldGen       total 241152K, used 25142K [0x00000005c2400000, 0x00000005d0f80000, 0x0000000716180000)
  object space 241152K, 10% used [0x00000005c2400000,0x00000005c3c8d8f8,0x00000005d0f80000)
 Metaspace       used 20672K, capacity 21058K, committed 21296K, reserved 1069056K
  class space    used 2417K, capacity 2561K, committed 2688K, reserved 1048576K
}
Event: 5.911 GC heap before
{Heap before GC invocations=5 (full 1):
 PSYoungGen      total 152576K, used 131072K [0x0000000716180000, 0x0000000728b80000, 0x00000007c0000000)
  eden space 131072K, 100% used [0x0000000716180000,0x000000071e180000,0x000000071e180000)
  from space 21504K, 0% used [0x000000071e180000,0x000000071e180000,0x000000071f680000)
  to   space 21504K, 0% used [0x0000000727680000,0x0000000727680000,0x0000000728b80000)
 ParOldGen       total 241152K, used 25142K [0x00000005c2400000, 0x00000005d0f80000, 0x0000000716180000)
  object space 241152K, 10% used [0x00000005c2400000,0x00000005c3c8d8f8,0x00000005d0f80000)
 Metaspace       used 25683K, capacity 26202K, committed 26240K, reserved 1073152K
  class space    used 3002K, capacity 3195K, committed 3200K, reserved 1048576K
Event: 5.933 GC heap after
Heap after GC invocations=5 (full 1):
 PSYoungGen      total 207360K, used 21496K [0x0000000716180000, 0x0000000728b80000, 0x00000007c0000000)
  eden space 185856K, 0% used [0x0000000716180000,0x0000000716180000,0x0000000721700000)
  from space 21504K, 99% used [0x0000000727680000,0x0000000728b7e028,0x0000000728b80000)
  to   space 21504K, 0% used [0x0000000726180000,0x0000000726180000,0x0000000727680000)
 ParOldGen       total 241152K, used 31134K [0x00000005c2400000, 0x00000005d0f80000, 0x0000000716180000)
  object space 241152K, 12% used [0x00000005c2400000,0x00000005c4267a18,0x00000005d0f80000)
 Metaspace       used 25683K, capacity 26202K, committed 26240K, reserved 1073152K
  class space    used 3002K, capacity 3195K, committed 3200K, reserved 1048576K
}
Event: 7.699 GC heap before
{Heap before GC invocations=6 (full 1):
 PSYoungGen      total 207360K, used 207352K [0x0000000716180000, 0x0000000728b80000, 0x00000007c0000000)
  eden space 185856K, 100% used [0x0000000716180000,0x0000000721700000,0x0000000721700000)
  from space 21504K, 99% used [0x0000000727680000,0x0000000728b7e028,0x0000000728b80000)
  to   space 21504K, 0% used [0x0000000726180000,0x0000000726180000,0x0000000727680000)
 ParOldGen       total 241152K, used 31134K [0x00000005c2400000, 0x00000005d0f80000, 0x0000000716180000)
  object space 241152K, 12% used [0x00000005c2400000,0x00000005c4267a18,0x00000005d0f80000)
 Metaspace       used 28167K, capacity 28860K, committed 29184K, reserved 1075200K
  class space    used 3246K, capacity 3484K, committed 3584K, reserved 1048576K
Event: 7.721 GC heap after
Heap after GC invocations=6 (full 1):
 PSYoungGen      total 283648K, used 21493K [0x0000000716180000, 0x0000000729e80000, 0x00000007c0000000)
  eden space 262144K, 0% used [0x0000000716180000,0x0000000716180000,0x0000000726180000)
  from space 21504K, 99% used [0x0000000726180000,0x000000072767d5c8,0x0000000727680000)
  to   space 31232K, 0% used [0x0000000728000000,0x0000000728000000,0x0000000729e80000)
 ParOldGen       total 241152K, used 36395K [0x00000005c2400000, 0x00000005d0f80000, 0x0000000716180000)
  object space 241152K, 15% used [0x00000005c2400000,0x00000005c478ac70,0x00000005d0f80000)
 Metaspace       used 28167K, capacity 28860K, committed 29184K, reserved 1075200K
  class space    used 3246K, capacity 3484K, committed 3584K, reserved 1048576K
}
Event: 9.911 GC heap before
{Heap before GC invocations=7 (full 1):
 PSYoungGen      total 283648K, used 283637K [0x0000000716180000, 0x0000000729e80000, 0x00000007c0000000)
  eden space 262144K, 100% used [0x0000000716180000,0x0000000726180000,0x0000000726180000)
  from space 21504K, 99% used [0x0000000726180000,0x000000072767d5c8,0x0000000727680000)
  to   space 31232K, 0% used [0x0000000728000000,0x0000000728000000,0x0000000729e80000)
 ParOldGen       total 241152K, used 36395K [0x00000005c2400000, 0x00000005d0f80000, 0x0000000716180000)
  object space 241152K, 15% used [0x00000005c2400000,0x00000005c478ac70,0x00000005d0f80000)
 Metaspace       used 28410K, capacity 29158K, committed 29440K, reserved 1075200K
  class space    used 3255K, capacity 3521K, committed 3584K, reserved 1048576K
Event: 9.961 GC heap after
Heap after GC invocations=7 (full 1):
 PSYoungGen      total 284672K, used 31212K [0x0000000716180000, 0x0000000732080000, 0x00000007c0000000)
  eden space 253440K, 0% used [0x0000000716180000,0x0000000716180000,0x0000000725900000)
  from space 31232K, 99% used [0x0000000728000000,0x0000000729e7b358,0x0000000729e80000)
  to   space 39936K, 0% used [0x0000000725900000,0x0000000725900000,0x0000000728000000)
 ParOldGen       total 241152K, used 46726K [0x00000005c2400000, 0x00000005d0f80000, 0x0000000716180000)
  object space 241152K, 19% used [0x00000005c2400000,0x00000005c51a1850,0x00000005d0f80000)
 Metaspace       used 28410K, capacity 29158K, committed 29440K, reserved 1075200K
  class space    used 3255K, capacity 3521K, committed 3584K, reserved 1048576K
}
Event: 14.806 GC heap before
{Heap before GC invocations=8 (full 1):
 PSYoungGen      total 284672K, used 284652K [0x0000000716180000, 0x0000000732080000, 0x00000007c0000000)
  eden space 253440K, 100% used [0x0000000716180000,0x0000000725900000,0x0000000725900000)
  from space 31232K, 99% used [0x0000000728000000,0x0000000729e7b358,0x0000000729e80000)
  to   space 39936K, 0% used [0x0000000725900000,0x0000000725900000,0x0000000728000000)
 ParOldGen       total 241152K, used 46726K [0x00000005c2400000, 0x00000005d0f80000, 0x0000000716180000)
  object space 241152K, 19% used [0x00000005c2400000,0x00000005c51a1850,0x00000005d0f80000)
 Metaspace       used 32425K, capacity 33458K, committed 33792K, reserved 1079296K
  class space    used 3661K, capacity 3990K, committed 4096K, reserved 1048576K
Event: 14.852 GC heap after
Heap after GC invocations=8 (full 1):
 PSYoungGen      total 293376K, used 39918K [0x0000000716180000, 0x0000000731f80000, 0x00000007c0000000)
  eden space 253440K, 0% used [0x0000000716180000,0x0000000716180000,0x0000000725900000)
  from space 39936K, 99% used [0x0000000725900000,0x0000000727ffbbb0,0x0000000728000000)
  to   space 49152K, 0% used [0x000000072ef80000,0x000000072ef80000,0x0000000731f80000)
 ParOldGen       total 241152K, used 55606K [0x00000005c2400000, 0x00000005d0f80000, 0x0000000716180000)
  object space 241152K, 23% used [0x00000005c2400000,0x00000005c5a4d840,0x00000005d0f80000)
 Metaspace       used 32425K, capacity 33458K, committed 33792K, reserved 1079296K
  class space    used 3661K, capacity 3990K, committed 4096K, reserved 1048576K
}
Event: 17.565 GC heap before
{Heap before GC invocations=9 (full 1):
 PSYoungGen      total 293376K, used 101963K [0x0000000716180000, 0x0000000731f80000, 0x00000007c0000000)
  eden space 253440K, 24% used [0x0000000716180000,0x0000000719e17288,0x0000000725900000)
  from space 39936K, 99% used [0x0000000725900000,0x0000000727ffbbb0,0x0000000728000000)
  to   space 49152K, 0% used [0x000000072ef80000,0x000000072ef80000,0x0000000731f80000)
 ParOldGen       total 241152K, used 55606K [0x00000005c2400000, 0x00000005d0f80000, 0x0000000716180000)
  object space 241152K, 23% used [0x00000005c2400000,0x00000005c5a4d840,0x00000005d0f80000)
 Metaspace       used 34298K, capacity 35316K, committed 35496K, reserved 1081344K
  class space    used 3910K, capacity 4265K, committed 4352K, reserved 1048576K

Deoptimization events (10 events):
Event: 14.704 Thread 0x00000000022ce000 Uncommon trap: reason=unstable_if action=reinterpret pc=0x00000000030a4d30 method=org.codehaus.plexus.util.xml.Xpp3DomBuilder.build(Lorg/codehaus/plexus/util/xml/pull/XmlPullParser;ZLorg/codehaus/plexus/util/xml/Xpp3DomBuilder$InputLocationBuilder;)Lorg/c
Event: 15.060 Thread 0x00000000022ce000 Uncommon trap: reason=unstable_if action=reinterpret pc=0x00000000036e36f8 method=java.util.zip.DeflaterOutputStream.deflate()V @ 19
Event: 15.072 Thread 0x00000000022ce000 Uncommon trap: reason=class_check action=maybe_recompile pc=0x0000000002cf8e40 method=java.util.Collections$UnmodifiableMap$UnmodifiableEntrySet$1.<init>(Ljava/util/Collections$UnmodifiableMap$UnmodifiableEntrySet;)V @ 17
Event: 15.072 Thread 0x00000000022ce000 Uncommon trap: reason=class_check action=maybe_recompile pc=0x000000000376936c method=java.util.Collections$SynchronizedMap.get(Ljava/lang/Object;)Ljava/lang/Object; @ 12
Event: 15.072 Thread 0x00000000022ce000 Uncommon trap: reason=class_check action=maybe_recompile pc=0x000000000376936c method=java.util.Collections$SynchronizedMap.get(Ljava/lang/Object;)Ljava/lang/Object; @ 12
Event: 15.073 Thread 0x00000000022ce000 Uncommon trap: reason=class_check action=maybe_recompile pc=0x000000000376936c method=java.util.Collections$SynchronizedMap.get(Ljava/lang/Object;)Ljava/lang/Object; @ 12
Event: 15.073 Thread 0x00000000022ce000 Uncommon trap: reason=class_check action=maybe_recompile pc=0x000000000376936c method=java.util.Collections$SynchronizedMap.get(Ljava/lang/Object;)Ljava/lang/Object; @ 12
Event: 16.119 Thread 0x000000002c0a4000 Uncommon trap: reason=unstable_if action=reinterpret pc=0x0000000002f34894 method=java.io.BufferedReader.readLine(Z)Ljava/lang/String; @ 265
Event: 17.245 Thread 0x00000000022ce000 Uncommon trap: reason=class_check action=maybe_recompile pc=0x0000000002ce4584 method=org.eclipse.sisu.wire.EntryListAdapter$ValueIterator.hasNext()Z @ 4
Event: 17.493 Thread 0x00000000022ce000 Uncommon trap: reason=unstable_if action=reinterpret pc=0x0000000002fda1b0 method=java.util.Properties.load0(Ljava/util/Properties$LineReader;)V @ 145

Internal exceptions (10 events):
Event: 15.392 Thread 0x000000002a3be000 Exception <a 'java/lang/ClassNotFoundException': org/springframework/boot/actuate/endpoint/jmx/DataEndpointMBean> (0x0000000717b09a48) thrown at [C:\re\workspace\8-2-build-windows-amd64-cygwin\jdk8u111\7883\hotspot\src\share\vm\classfile\systemDictionary.
Event: 15.395 Thread 0x000000002a3be000 Exception <a 'java/lang/ClassNotFoundException': org/springframework/context/support/LiveBeansView> (0x0000000717b27e98) thrown at [C:\re\workspace\8-2-build-windows-amd64-cygwin\jdk8u111\7883\hotspot\src\share\vm\classfile\systemDictionary.cpp, line 210]
Event: 15.395 Thread 0x000000002a3be000 Exception <a 'java/lang/ClassNotFoundException': org/springframework/boot/actuate/endpoint/jmx/EndpointMBean> (0x0000000717b28200) thrown at [C:\re\workspace\8-2-build-windows-amd64-cygwin\jdk8u111\7883\hotspot\src\share\vm\classfile\systemDictionary.cpp,
Event: 15.395 Thread 0x000000002a3be000 Exception <a 'java/lang/ClassNotFoundException': org/springframework/boot/actuate/endpoint/jmx/DataEndpointMBean> (0x0000000717b28758) thrown at [C:\re\workspace\8-2-build-windows-amd64-cygwin\jdk8u111\7883\hotspot\src\share\vm\classfile\systemDictionary.
Event: 15.395 Thread 0x000000002a3be000 Exception <a 'java/lang/ClassNotFoundException': org/springframework/context/support/LiveBeansView> (0x0000000717b28c98) thrown at [C:\re\workspace\8-2-build-windows-amd64-cygwin\jdk8u111\7883\hotspot\src\share\vm\classfile\systemDictionary.cpp, line 210]
Event: 15.395 Thread 0x000000002a3be000 Exception <a 'java/lang/ClassNotFoundException': org/springframework/boot/actuate/endpoint/jmx/EndpointMBean> (0x0000000717b28ff0) thrown at [C:\re\workspace\8-2-build-windows-amd64-cygwin\jdk8u111\7883\hotspot\src\share\vm\classfile\systemDictionary.cpp,
Event: 15.395 Thread 0x000000002a3be000 Exception <a 'java/lang/ClassNotFoundException': org/springframework/boot/actuate/endpoint/jmx/DataEndpointMBean> (0x0000000717b29538) thrown at [C:\re\workspace\8-2-build-windows-amd64-cygwin\jdk8u111\7883\hotspot\src\share\vm\classfile\systemDictionary.
Event: 15.396 Thread 0x000000002a3be000 Exception <a 'java/lang/ClassNotFoundException': org/springframework/context/support/LiveBeansView> (0x0000000717b29a68) thrown at [C:\re\workspace\8-2-build-windows-amd64-cygwin\jdk8u111\7883\hotspot\src\share\vm\classfile\systemDictionary.cpp, line 210]
Event: 17.073 Thread 0x00000000022ce000 Exception <a 'sun/nio/fs/WindowsException'> (0x0000000717ce32a0) thrown at [C:\re\workspace\8-2-build-windows-amd64-cygwin\jdk8u111\7883\hotspot\src\share\vm\prims\jni.cpp, line 709]
Event: 17.074 Thread 0x00000000022ce000 Exception <a 'java/lang/reflect/InvocationTargetException'> (0x0000000717ce3ba8) thrown at [C:\re\workspace\8-2-build-windows-amd64-cygwin\jdk8u111\7883\hotspot\src\share\vm\runtime\reflection.cpp, line 1092]

Events (10 events):
Event: 17.535 loading class org/codehaus/plexus/util/SelectorUtils done
Event: 17.537 loading class org/codehaus/plexus/util/Java7Detector
Event: 17.537 loading class org/codehaus/plexus/util/Java7Detector done
Event: 17.537 loading class org/codehaus/plexus/util/Java7Detector
Event: 17.537 loading class org/codehaus/plexus/util/Java7Detector done
Event: 17.537 loading class org/codehaus/plexus/util/NioFiles
Event: 17.537 loading class org/codehaus/plexus/util/NioFiles done
Event: 17.537 loading class org/codehaus/plexus/util/NioFiles
Event: 17.537 loading class org/codehaus/plexus/util/NioFiles done
Event: 17.565 Executing VM operation: CollectForMetadataAllocation


Dynamic libraries:
0x00007ff6a2830000 - 0x00007ff6a2867000 	C:\Program Files\Java\jdk1.8.0_111\bin\javaw.exe
0x00007ff9037f0000 - 0x00007ff9039e5000 	C:\WINDOWS\SYSTEM32\ntdll.dll
0x00007ff9036f0000 - 0x00007ff9037ad000 	C:\WINDOWS\System32\KERNEL32.DLL
0x00007ff900f90000 - 0x00007ff901259000 	C:\WINDOWS\System32\KERNELBASE.dll
0x00007ff9029e0000 - 0x00007ff902a8c000 	C:\WINDOWS\System32\ADVAPI32.dll
0x00007ff9025d0000 - 0x00007ff90266e000 	C:\WINDOWS\System32\msvcrt.dll
0x00007ff901df0000 - 0x00007ff901e8b000 	C:\WINDOWS\System32\sechost.dll
0x00007ff9028b0000 - 0x00007ff9029da000 	C:\WINDOWS\System32\RPCRT4.dll
0x00007ff902fa0000 - 0x00007ff903140000 	C:\WINDOWS\System32\USER32.dll
0x00007ff900f60000 - 0x00007ff900f82000 	C:\WINDOWS\System32\win32u.dll
0x00007ff901ae0000 - 0x00007ff901b0a000 	C:\WINDOWS\System32\GDI32.dll
0x00007ff9015a0000 - 0x00007ff9016ab000 	C:\WINDOWS\System32\gdi32full.dll
0x00007ff901760000 - 0x00007ff9017fd000 	C:\WINDOWS\System32\msvcp_win.dll
0x00007ff9013c0000 - 0x00007ff9014c0000 	C:\WINDOWS\System32\ucrtbase.dll
0x00007ff900350000 - 0x00007ff9005ea000 	C:\WINDOWS\WinSxS\amd64_microsoft.windows.common-controls_6595b64144ccf1df_6.0.19041.1110_none_60b5254171f9507e\COMCTL32.dll
0x00007ff901860000 - 0x00007ff901890000 	C:\WINDOWS\System32\IMM32.DLL
0x0000000053180000 - 0x0000000053252000 	C:\Program Files\Java\jdk1.8.0_111\jre\bin\msvcr100.dll
0x00000000528e0000 - 0x000000005317a000 	C:\Program Files\Java\jdk1.8.0_111\jre\bin\server\jvm.dll
0x00007ff9031c0000 - 0x00007ff9031c8000 	C:\WINDOWS\System32\PSAPI.DLL
0x00007ff8fab40000 - 0x00007ff8fab4a000 	C:\WINDOWS\SYSTEM32\VERSION.dll
0x00007ff8e3140000 - 0x00007ff8e3167000 	C:\WINDOWS\SYSTEM32\WINMM.dll
0x00007ff8e7c10000 - 0x00007ff8e7c19000 	C:\WINDOWS\SYSTEM32\WSOCK32.dll
0x00007ff902750000 - 0x00007ff9027bb000 	C:\WINDOWS\System32\WS2_32.dll
0x00000000528d0000 - 0x00000000528df000 	C:\Program Files\Java\jdk1.8.0_111\jre\bin\verify.dll
0x00000000528a0000 - 0x00000000528c9000 	C:\Program Files\Java\jdk1.8.0_111\jre\bin\java.dll
0x0000000052870000 - 0x0000000052886000 	C:\Program Files\Java\jdk1.8.0_111\jre\bin\zip.dll
0x00007ff901e90000 - 0x00007ff9025cf000 	C:\WINDOWS\System32\SHELL32.dll
0x00007ff8fe330000 - 0x00007ff8feac1000 	C:\WINDOWS\SYSTEM32\windows.storage.dll
0x00007ff902c40000 - 0x00007ff902f95000 	C:\WINDOWS\System32\combase.dll
0x00007ff9002b0000 - 0x00007ff9002dc000 	C:\WINDOWS\SYSTEM32\Wldp.dll
0x00007ff903640000 - 0x00007ff9036ee000 	C:\WINDOWS\System32\SHCORE.dll
0x00007ff901890000 - 0x00007ff9018e5000 	C:\WINDOWS\System32\shlwapi.dll
0x00007ff900e70000 - 0x00007ff900e8f000 	C:\WINDOWS\SYSTEM32\profapi.dll
0x00007ff900cc0000 - 0x00007ff900cd8000 	C:\WINDOWS\SYSTEM32\CRYPTSP.dll
0x00007ff8ff9d0000 - 0x00007ff8ffa04000 	C:\WINDOWS\system32\rsaenh.dll
0x00007ff900f30000 - 0x00007ff900f57000 	C:\WINDOWS\System32\bcrypt.dll
0x00007ff900e30000 - 0x00007ff900e5e000 	C:\WINDOWS\SYSTEM32\USERENV.dll
0x00007ff9014c0000 - 0x00007ff901543000 	C:\WINDOWS\System32\bcryptprimitives.dll
0x00007ff900270000 - 0x00007ff90027c000 	C:\WINDOWS\SYSTEM32\CRYPTBASE.dll
0x00000000526a0000 - 0x00000000526ba000 	C:\Program Files\Java\jdk1.8.0_111\jre\bin\net.dll
0x00007ff900180000 - 0x00007ff9001ea000 	C:\WINDOWS\system32\mswsock.dll
0x00007ff8ffd00000 - 0x00007ff8ffd3b000 	C:\WINDOWS\SYSTEM32\IPHLPAPI.DLL
0x00007ff901a10000 - 0x00007ff901a18000 	C:\WINDOWS\System32\NSI.dll
0x00007ff8f8370000 - 0x00007ff8f8387000 	C:\WINDOWS\SYSTEM32\dhcpcsvc6.DLL
0x00007ff8f7a60000 - 0x00007ff8f7a7d000 	C:\WINDOWS\SYSTEM32\dhcpcsvc.DLL
0x00007ff8ffd40000 - 0x00007ff8ffe0c000 	C:\WINDOWS\SYSTEM32\DNSAPI.dll
0x0000000052680000 - 0x0000000052691000 	C:\Program Files\Java\jdk1.8.0_111\jre\bin\nio.dll
0x00007ff8ff170000 - 0x00007ff8ff17a000 	C:\Users\Techurate\AppData\Local\Temp\jansi-1.17.1-3617283552274074869.dll
0x00007ff8eb0a0000 - 0x00007ff8eb0aa000 	C:\Windows\System32\rasadhlp.dll
0x00007ff8eaf60000 - 0x00007ff8eafdf000 	C:\WINDOWS\System32\fwpuclnt.dll
0x00000000526c0000 - 0x00000000526cd000 	C:\Program Files\Java\jdk1.8.0_111\jre\bin\management.dll
0x00007ff8dd030000 - 0x00007ff8dd047000 	C:\WINDOWS\system32\napinsp.dll
0x00007ff8de410000 - 0x00007ff8de42b000 	C:\WINDOWS\system32\pnrpnsp.dll
0x00007ff8fa5f0000 - 0x00007ff8fa605000 	C:\WINDOWS\system32\wshbth.dll
0x00007ff8fb830000 - 0x00007ff8fb84d000 	C:\WINDOWS\system32\NLAapi.dll
0x00007ff8de3f0000 - 0x00007ff8de402000 	C:\WINDOWS\System32\winrnr.dll
0x00007ff9008e0000 - 0x00007ff900ac4000 	C:\WINDOWS\SYSTEM32\dbghelp.dll

VM Arguments:
jvm_args: -Dmaven.home=EMBEDDED -Dclassworlds.conf=E:\WS_SampleRubrum\.metadata\.plugins\org.eclipse.m2e.launching\launches\m2conf1999746537739836882.tmp -Dmaven.multiModuleProjectDirectory=E:\WS_SampleRubrum\rubrum-apis -Djansi.force=true -Djansi.passthrough=true -Dfile.encoding=Cp1252 
java_command: org.codehaus.plexus.classworlds.launcher.Launcher -B install -Dstyle.color=always
java_class_path (initial): E:\Softwares\sts-4.3.2.RELEASE\plugins\org.eclipse.m2e.maven.runtime_1.12.0.20190628-1133\jars\plexus-classworlds-2.6.0.jar
Launcher Type: SUN_STANDARD

Environment Variables:
JAVA_HOME=C:\Program Files\Java\jdk1.8.0_111
PATH=C:/Program Files/Java/jre1.8.0_111/bin/server;C:/Program Files/Java/jre1.8.0_111/bin;C:/Program Files/Java/jre1.8.0_111/lib/amd64;D:\app\Techurate\product\11.1.0\db_1\bin;C:\ProgramData\Oracle\Java\javapath;C:\Program Files (x86)\Intel\Intel(R) Management Engine Components\iCLS\;C:\Program Files\Intel\Intel(R) Management Engine Components\iCLS\;C:\WINDOWS\system32;C:\WINDOWS;C:\WINDOWS\System32\Wbem;C:\WINDOWS\System32\WindowsPowerShell\v1.0\;C:\WINDOWS\System32\OpenSSH\;C:\Program Files (x86)\Intel\Intel(R) Management Engine Components\DAL;C:\Program Files\Intel\Intel(R) Management Engine Components\DAL;C:\Program Files (x86)\Intel\Intel(R) Management Engine Components\IPT;C:\Program Files\Intel\Intel(R) Management Engine Components\IPT;C:\Program Files\Java\jdk1.8.0_111\bin;E:\Softwares\apache-maven-3.6.1\bin;C:\Program Files\Redis\;C:\Program Files\Git LFS;C:\Program Files\Intel\WiFi\bin\;C:\Program Files\Common Files\Intel\WirelessCommon\;C:\ProgramData\chocolatey\bin;C:\Program Files\nodejs\;C:\Program Files\Git\cmd;C:\Users\Techurate\AppData\Local\Microsoft\WindowsApps;;C:\Users\Techurate\AppData\Local\Programs\Microsoft VS Code\bin;C:\Users\Techurate\AppData\Roaming\npm;C:\Program Files (x86)\Sophos\Sophos SSL VPN Client\bin;E:\Softwares\sts-4.3.2.RELEASE;
USERNAME=Techurate
OS=Windows_NT
PROCESSOR_IDENTIFIER=Intel64 Family 6 Model 142 Stepping 10, GenuineIntel



---------------  S Y S T E M  ---------------

OS: Windows 10.0 , 64 bit Build 19041 (10.0.19041.1023)

CPU:total 8 (4 cores per cpu, 2 threads per core) family 6 model 142 stepping 10, cmov, cx8, fxsr, mmx, sse, sse2, sse3, ssse3, sse4.1, sse4.2, popcnt, avx, avx2, aes, clmul, erms, 3dnowpref, lzcnt, ht, tsc, tscinvbit, bmi1, bmi2, adx

Memory: 4k page, physical 33405928k(20386652k free), swap 38386664k(23926532k free)

vm_info: Java HotSpot(TM) 64-Bit Server VM (25.111-b14) for windows-amd64 JRE (1.8.0_111-b14), built on Sep 22 2016 19:24:05 by "java_re" with MS VC++ 10.0 (VS2010)

time: Mon May 02 19:20:36 2022
elapsed time: 17 seconds (0d 0h 0m 17s)

